Training set erstellt: /net/data.isilon/ag-cherrmann/lduttenhoefer/project/VAE_model/data_training/train_metadataHC_0.720251027_1647.csv (1955 Patienten)
Test set erstellt: /net/data.isilon/ag-cherrmann/lduttenhoefer/project/VAE_model/data_training/test_metadataHC_0.720251027_1647.csv (2213 Patienten, davon 838 HC und 1375 andere)
Only one CUDA device found. Using cuda:0

####################################################################################################

Starting Catatonia CPA training session NormativeVAE20_all_20251027_1647_HC_columnwise at 2025-10-27_18-47
----------------------------------------------------------------------------------------------------------

Using Device:        cuda:0
Queued Epochs:       200
Batch Size:          16
Data Summary:        ['/net/data.isilon/ag-cherrmann/lduttenhoefer/project/VAE_model/data_training/train_metadataHC_0.720251027_1647.csv']
MRI Data Directory:  /net/data.isilon/ag-cherrmann/lduttenhoefer/project/CAT12_newvals/QC/CAT12_results_final.csv
Loading Model:       False
Output Directory:    /net/data.isilon/ag-cherrmann/lduttenhoefer/project/VAE_model/analysis/TRAINING/norm_results_HC_Vgm_G_T_all_columnwise_20251027_1647

More details in log file: /net/data.isilon/ag-cherrmann/lduttenhoefer/project/VAE_model/analysis/TRAINING/norm_results_HC_Vgm_G_T_all_columnwise_20251027_1647/logs/2025-10-27_18-47_NormativeVAE20_all_20251027_1647_HC_columnwise_training_log_.txt

####################################################################################################
Starting normative modeling with atlas: all, epochs: 200, bootstraps: 100
Normalization method: columnwise
Configuration saved to /net/data.isilon/ag-cherrmann/lduttenhoefer/project/VAE_model/analysis/TRAINING/norm_results_HC_Vgm_G_T_all_columnwise_20251027_1647/config.csv
Using device: cuda
Loading NORM control data...
================================================================================
[INFO] Loading PRE-NORMALIZED MRI data
================================================================================
[INFO] Loading metadata from: ['/net/data.isilon/ag-cherrmann/lduttenhoefer/project/VAE_model/data_training/train_metadataHC_0.720251027_1647.csv']
[INFO] Loaded metadata with 1955 subjects
[INFO] Filtered to 1955 subjects with diagnoses: ['HC']
[INFO] Loading pre-normalized MRI data from: /net/data.isilon/ag-cherrmann/lduttenhoefer/project/VAE_model/data_training/CAT12_results_NORMALIZED_columnwise_HC.csv
[INFO] Loaded MRI data with shape: (4163, 1211)
[INFO] Found 1194 ROI columns
[INFO]   - Vgm: 761 features
[INFO]   - G: 216 features
[INFO]   - T: 217 features
[INFO]   - Total: 1194 features
[INFO] Matching metadata subjects with MRI data...
[INFO] Successfully matched 1954/1955 subjects
[WARNING] 1 subjects not found in MRI data
[WARNING] Unmatched: ['sub-031461_T1w']
[INFO] Total subjects processed: 1954
[INFO] Total ROI features per subject: 1194
[INFO] Data loading complete!
================================================================================
[DEBUG] Data shape: torch.Size([1954, 1194])
[DEBUG] Data min: -7.208443641662598
[DEBUG] Data max: 12.389341354370117
[DEBUG] Data mean: -6.27859431112654e-10
[DEBUG] Data std: 0.9968094229698181
[DEBUG] Has NaN: False
[DEBUG] Has Inf: False
[DEBUG] Sample values: tensor([ 0.5064, -0.5589,  0.1566,  0.5520, -0.6191, -0.1211, -1.0259, -0.3292,
        -0.2522,  0.1287])
Number of ROIs in atlas: 1194
[INFO] 1560 subjects in training set
[INFO] 390 subjects in validation set
[WARNING] 4 subjects not found in annotations:
  - sub-031704_T1w
  - sub-NDARINVEY033HCZ_run01_T1w
  - sub-031705_T1w
  - sub-NDARINVKC627BAV_run01_T1w
                        Filename Data_Type  ... NSS_Motor NSS_Total
0                       sub-0001     train  ...       NaN       NaN
1                       sub-0004     train  ...       NaN       NaN
2                       sub-0011     train  ...       NaN       NaN
3                       sub-0013     train  ...       NaN       NaN
4                       sub-0016     train  ...       NaN       NaN
...                          ...       ...  ...       ...       ...
1946           sub-NM5946_0_MPR1     valid  ...       NaN       NaN
1947           sub-NM7365_0_MPR1     valid  ...       NaN       NaN
1948           sub-NM8356_0_MPR1     valid  ...       NaN       NaN
1949  sub-whiteCAT191_ses-01_T1w     valid  ...       0.0       3.0
1950  sub-whiteCAT200_ses-01_T1w     valid  ...       1.0       9.0

[1951 rows x 21 columns]
Using atlas: ['all']
Number of ROIs: 1194
---------------
Data Processing
---------------
Loading Data
  Training Data:       1560 subjects loaded
  Validation Data:      390 subjects loaded

Creating Model
--------------
Training data shape: torch.Size([1560, 1194])
Validation data shape: torch.Size([390, 1194])
/net/data.isilon/ag-cherrmann/lduttenhoefer/project/miniconda3/envs/LISA_ba_env/lib/python3.11/site-packages/torch/optim/lr_scheduler.py:62: UserWarning: The verbose parameter is deprecated. Please use get_last_lr() to access the learning rate.
  warnings.warn(
/net/data.isilon/ag-cherrmann/lduttenhoefer/project/VAE_model/src/models/ContrastVAE_2D.py:132: FutureWarning: `torch.cuda.amp.GradScaler(args...)` is deprecated. Please use `torch.amp.GradScaler('cuda', args...)` instead.
  self.scaler = GradScaler()
Model Archtecture: 
NormativeVAE_2D(
  (encoder): Sequential(
    (0): Linear(in_features=1194, out_features=100, bias=True)
    (1): LeakyReLU(negative_slope=0.01)
    (2): Dropout(p=0.1, inplace=False)
    (3): Linear(in_features=100, out_features=100, bias=True)
    (4): LeakyReLU(negative_slope=0.01)
    (5): Dropout(p=0.1, inplace=False)
    (6): Linear(in_features=100, out_features=20, bias=True)
  )
  (fc_mu): Linear(in_features=20, out_features=20, bias=True)
  (fc_var): Linear(in_features=20, out_features=20, bias=True)
  (decoder): Sequential(
    (0): Linear(in_features=20, out_features=100, bias=True)
    (1): LeakyReLU(negative_slope=0.01)
    (2): Dropout(p=0.1, inplace=False)
    (3): Linear(in_features=100, out_features=100, bias=True)
    (4): LeakyReLU(negative_slope=0.01)
    (5): Dropout(p=0.1, inplace=False)
    (6): Linear(in_features=100, out_features=1194, bias=True)
  )
)

    latent_dim:          20
    optimizer:           Adam (
    scheduler:           <torch.optim.lr_scheduler.ReduceLROnPlateau object at 0x2b6abe306890>
    scaler:              <torch.cuda.amp.grad_scaler.GradScaler object at 0x2b6abe32ef10>
    recon_loss_weight:   16.6449
    kldiv_loss_weight:   1.2
    contr_loss_weight:   0.0
    schedule_on_validation: True
    scheduler_patience:  10
    scheduler_factor:    0.5
    learning_rate:       0.000559
    weight_decay:        1e-05
    dropout_prob:        0.1
    device:              cuda
    Total Parameters:    265,254
    Trainable Params:    265,254
Training baseline model before bootstrap training...
Training data shape IM MODEL: torch.Size([1560, 1194])
Epoch 1/200, Train Loss: 1.1951, Val Loss: 0.9962, Recon: 1.0102, KL: 0.1849
Epoch 5/200, Train Loss: 1.0049, Val Loss: 0.9672, Recon: 1.0012, KL: 0.0037
Epoch 10/200, Train Loss: 0.9766, Val Loss: 0.8462, Recon: 0.9621, KL: 0.0145
Epoch 15/200, Train Loss: 0.8394, Val Loss: 0.8164, Recon: 0.7629, KL: 0.0765
Epoch 20/200, Train Loss: 0.8119, Val Loss: 0.7906, Recon: 0.7361, KL: 0.0758
Epoch 25/200, Train Loss: 0.7933, Val Loss: 0.7734, Recon: 0.7157, KL: 0.0776
Epoch 30/200, Train Loss: 0.7733, Val Loss: 0.7543, Recon: 0.7005, KL: 0.0728
Epoch 35/200, Train Loss: 0.7677, Val Loss: 0.7537, Recon: 0.6951, KL: 0.0725
Epoch 40/200, Train Loss: 0.7737, Val Loss: 0.7516, Recon: 0.6995, KL: 0.0742
Epoch 45/200, Train Loss: 0.7699, Val Loss: 0.7514, Recon: 0.6957, KL: 0.0743
Epoch 50/200, Train Loss: 0.7702, Val Loss: 0.7533, Recon: 0.6950, KL: 0.0752
Epoch 55/200, Train Loss: 0.7673, Val Loss: 0.7492, Recon: 0.6919, KL: 0.0754
Epoch 60/200, Train Loss: 0.7645, Val Loss: 0.7490, Recon: 0.6916, KL: 0.0729
Epoch 65/200, Train Loss: 0.7668, Val Loss: 0.7532, Recon: 0.6918, KL: 0.0751
Epoch 70/200, Train Loss: 0.7652, Val Loss: 0.7525, Recon: 0.6916, KL: 0.0736
Epoch 75/200, Train Loss: 0.7683, Val Loss: 0.7537, Recon: 0.6938, KL: 0.0745
Epoch 80/200, Train Loss: 0.7648, Val Loss: 0.7501, Recon: 0.6910, KL: 0.0738
Epoch 85/200, Train Loss: 0.7644, Val Loss: 0.7492, Recon: 0.6907, KL: 0.0738
Epoch 90/200, Train Loss: 0.7672, Val Loss: 0.7509, Recon: 0.6927, KL: 0.0744
Epoch 95/200, Train Loss: 0.7624, Val Loss: 0.7479, Recon: 0.6864, KL: 0.0760
Epoch 100/200, Train Loss: 0.7633, Val Loss: 0.7508, Recon: 0.6889, KL: 0.0744
Epoch 105/200, Train Loss: 0.7623, Val Loss: 0.7505, Recon: 0.6874, KL: 0.0748
Epoch 110/200, Train Loss: 0.7614, Val Loss: 0.7559, Recon: 0.6879, KL: 0.0735
Epoch 115/200, Train Loss: 0.7632, Val Loss: 0.7506, Recon: 0.6883, KL: 0.0748
Epoch 120/200, Train Loss: 0.7649, Val Loss: 0.7515, Recon: 0.6896, KL: 0.0753
Epoch 125/200, Train Loss: 0.7631, Val Loss: 0.7513, Recon: 0.6885, KL: 0.0746
Epoch 130/200, Train Loss: 0.7617, Val Loss: 0.7526, Recon: 0.6871, KL: 0.0745
Epoch 135/200, Train Loss: 0.7652, Val Loss: 0.7509, Recon: 0.6896, KL: 0.0756
Epoch 140/200, Train Loss: 0.7647, Val Loss: 0.7480, Recon: 0.6902, KL: 0.0745
Epoch 145/200, Train Loss: 0.7619, Val Loss: 0.7517, Recon: 0.6868, KL: 0.0751
Epoch 150/200, Train Loss: 0.7611, Val Loss: 0.7503, Recon: 0.6876, KL: 0.0736
Epoch 155/200, Train Loss: 0.7632, Val Loss: 0.7543, Recon: 0.6881, KL: 0.0750
Epoch 160/200, Train Loss: 0.7623, Val Loss: 0.7536, Recon: 0.6879, KL: 0.0743
Epoch 165/200, Train Loss: 0.7604, Val Loss: 0.7494, Recon: 0.6871, KL: 0.0733
Epoch 170/200, Train Loss: 0.7589, Val Loss: 0.7510, Recon: 0.6860, KL: 0.0728
Epoch 175/200, Train Loss: 0.7629, Val Loss: 0.7520, Recon: 0.6873, KL: 0.0757
Epoch 180/200, Train Loss: 0.7617, Val Loss: 0.7535, Recon: 0.6858, KL: 0.0759
Epoch 185/200, Train Loss: 0.7614, Val Loss: 0.7587, Recon: 0.6859, KL: 0.0755
Epoch 190/200, Train Loss: 0.7607, Val Loss: 0.7535, Recon: 0.6849, KL: 0.0758
Epoch 195/200, Train Loss: 0.7598, Val Loss: 0.7519, Recon: 0.6839, KL: 0.0758
Epoch 200/200, Train Loss: 0.7589, Val Loss: 0.7541, Recon: 0.6859, KL: 0.0731
Training bootstrap models...
Starting bootstrap training with 100 iterations
Training bootstrap model 1/100
Training data shape IM MODEL: torch.Size([1560, 1194])
Epoch 1/200, Train Loss: 1.1876, Val Loss: 1.0102, Recon: 0.9728, KL: 0.2147
Epoch 5/200, Train Loss: 0.9698, Val Loss: 0.9633, Recon: 0.9635, KL: 0.0063
Epoch 10/200, Train Loss: 0.8275, Val Loss: 0.8088, Recon: 0.7572, KL: 0.0703
Epoch 15/200, Train Loss: 0.8223, Val Loss: 0.8161, Recon: 0.7505, KL: 0.0718
Epoch 20/200, Train Loss: 0.8182, Val Loss: 0.8006, Recon: 0.7438, KL: 0.0744
Epoch 25/200, Train Loss: 0.8039, Val Loss: 0.7991, Recon: 0.7334, KL: 0.0705
Epoch 30/200, Train Loss: 0.7806, Val Loss: 0.7657, Recon: 0.7089, KL: 0.0716
Epoch 35/200, Train Loss: 0.7643, Val Loss: 0.7554, Recon: 0.6925, KL: 0.0718
Epoch 40/200, Train Loss: 0.7614, Val Loss: 0.7553, Recon: 0.6897, KL: 0.0716
Epoch 45/200, Train Loss: 0.7592, Val Loss: 0.7547, Recon: 0.6887, KL: 0.0705
Epoch 50/200, Train Loss: 0.7608, Val Loss: 0.7528, Recon: 0.6884, KL: 0.0725
Epoch 55/200, Train Loss: 0.7604, Val Loss: 0.7505, Recon: 0.6873, KL: 0.0730
Epoch 60/200, Train Loss: 0.7601, Val Loss: 0.7503, Recon: 0.6866, KL: 0.0735
Epoch 65/200, Train Loss: 0.7587, Val Loss: 0.7499, Recon: 0.6876, KL: 0.0712
Epoch 70/200, Train Loss: 0.7599, Val Loss: 0.7522, Recon: 0.6870, KL: 0.0729
Epoch 75/200, Train Loss: 0.7571, Val Loss: 0.7531, Recon: 0.6862, KL: 0.0709
Epoch 80/200, Train Loss: 0.7569, Val Loss: 0.7530, Recon: 0.6855, KL: 0.0714
Epoch 85/200, Train Loss: 0.7590, Val Loss: 0.7494, Recon: 0.6878, KL: 0.0712
Epoch 90/200, Train Loss: 0.7558, Val Loss: 0.7550, Recon: 0.6827, KL: 0.0731
Epoch 95/200, Train Loss: 0.7586, Val Loss: 0.7537, Recon: 0.6852, KL: 0.0734
Epoch 100/200, Train Loss: 0.7556, Val Loss: 0.7524, Recon: 0.6856, KL: 0.0700
Epoch 105/200, Train Loss: 0.7578, Val Loss: 0.7478, Recon: 0.6850, KL: 0.0728
Epoch 110/200, Train Loss: 0.7540, Val Loss: 0.7600, Recon: 0.6843, KL: 0.0697
Epoch 115/200, Train Loss: 0.7542, Val Loss: 0.7572, Recon: 0.6839, KL: 0.0703
Epoch 120/200, Train Loss: 0.7547, Val Loss: 0.7558, Recon: 0.6846, KL: 0.0702
Epoch 125/200, Train Loss: 0.7567, Val Loss: 0.7535, Recon: 0.6847, KL: 0.0720
Epoch 130/200, Train Loss: 0.7587, Val Loss: 0.7581, Recon: 0.6861, KL: 0.0726
Epoch 135/200, Train Loss: 0.7548, Val Loss: 0.7511, Recon: 0.6826, KL: 0.0722
Epoch 140/200, Train Loss: 0.7564, Val Loss: 0.7553, Recon: 0.6864, KL: 0.0700
Epoch 145/200, Train Loss: 0.7553, Val Loss: 0.7547, Recon: 0.6839, KL: 0.0714
Epoch 150/200, Train Loss: 0.7550, Val Loss: 0.7509, Recon: 0.6852, KL: 0.0698
Epoch 155/200, Train Loss: 0.7569, Val Loss: 0.7556, Recon: 0.6859, KL: 0.0710
Epoch 160/200, Train Loss: 0.7551, Val Loss: 0.7544, Recon: 0.6827, KL: 0.0725
Epoch 165/200, Train Loss: 0.7556, Val Loss: 0.7528, Recon: 0.6852, KL: 0.0704
Epoch 170/200, Train Loss: 0.7537, Val Loss: 0.7478, Recon: 0.6817, KL: 0.0720
Epoch 175/200, Train Loss: 0.7585, Val Loss: 0.7532, Recon: 0.6845, KL: 0.0740
Epoch 180/200, Train Loss: 0.7553, Val Loss: 0.7494, Recon: 0.6828, KL: 0.0726
Epoch 185/200, Train Loss: 0.7568, Val Loss: 0.7544, Recon: 0.6846, KL: 0.0723
Epoch 190/200, Train Loss: 0.7525, Val Loss: 0.7582, Recon: 0.6831, KL: 0.0695
Epoch 195/200, Train Loss: 0.7547, Val Loss: 0.7519, Recon: 0.6821, KL: 0.0725
Epoch 200/200, Train Loss: 0.7529, Val Loss: 0.7544, Recon: 0.6832, KL: 0.0697
Saved model 1 to /net/data.isilon/ag-cherrmann/lduttenhoefer/project/VAE_model/analysis/TRAINING/norm_results_HC_Vgm_G_T_all_columnwise_20251027_1647/models/bootstrap_model_0.pt
Training bootstrap model 2/100
Training data shape IM MODEL: torch.Size([1560, 1194])
Epoch 1/200, Train Loss: 1.2036, Val Loss: 1.0076, Recon: 1.0035, KL: 0.2001
Epoch 5/200, Train Loss: 1.0032, Val Loss: 0.9675, Recon: 0.9988, KL: 0.0044
Epoch 10/200, Train Loss: 0.8438, Val Loss: 0.8161, Recon: 0.7729, KL: 0.0709
Epoch 15/200, Train Loss: 0.8210, Val Loss: 0.7993, Recon: 0.7472, KL: 0.0737
Epoch 20/200, Train Loss: 0.7801, Val Loss: 0.7637, Recon: 0.7087, KL: 0.0714
Epoch 25/200, Train Loss: 0.7721, Val Loss: 0.7578, Recon: 0.6985, KL: 0.0736
Epoch 30/200, Train Loss: 0.7667, Val Loss: 0.7568, Recon: 0.6929, KL: 0.0738
Epoch 35/200, Train Loss: 0.7636, Val Loss: 0.7564, Recon: 0.6907, KL: 0.0729
Epoch 40/200, Train Loss: 0.7611, Val Loss: 0.7461, Recon: 0.6885, KL: 0.0726
Epoch 45/200, Train Loss: 0.7650, Val Loss: 0.7477, Recon: 0.6893, KL: 0.0756
Epoch 50/200, Train Loss: 0.7615, Val Loss: 0.7551, Recon: 0.6867, KL: 0.0749
Epoch 55/200, Train Loss: 0.7592, Val Loss: 0.7499, Recon: 0.6848, KL: 0.0744
Epoch 60/200, Train Loss: 0.7598, Val Loss: 0.7478, Recon: 0.6850, KL: 0.0748
Epoch 65/200, Train Loss: 0.7623, Val Loss: 0.7530, Recon: 0.6879, KL: 0.0744
Epoch 70/200, Train Loss: 0.7603, Val Loss: 0.7520, Recon: 0.6850, KL: 0.0753
Epoch 75/200, Train Loss: 0.7581, Val Loss: 0.7543, Recon: 0.6850, KL: 0.0731
Epoch 80/200, Train Loss: 0.7595, Val Loss: 0.7504, Recon: 0.6852, KL: 0.0744
Epoch 85/200, Train Loss: 0.7602, Val Loss: 0.7529, Recon: 0.6851, KL: 0.0751
Epoch 90/200, Train Loss: 0.7575, Val Loss: 0.7541, Recon: 0.6838, KL: 0.0736
Epoch 95/200, Train Loss: 0.7603, Val Loss: 0.7529, Recon: 0.6852, KL: 0.0750
Epoch 100/200, Train Loss: 0.7591, Val Loss: 0.7506, Recon: 0.6851, KL: 0.0741
Epoch 105/200, Train Loss: 0.7567, Val Loss: 0.7523, Recon: 0.6819, KL: 0.0749
Epoch 110/200, Train Loss: 0.7593, Val Loss: 0.7512, Recon: 0.6851, KL: 0.0742
Epoch 115/200, Train Loss: 0.7588, Val Loss: 0.7596, Recon: 0.6849, KL: 0.0739
Epoch 120/200, Train Loss: 0.7579, Val Loss: 0.7507, Recon: 0.6843, KL: 0.0735
Epoch 125/200, Train Loss: 0.7601, Val Loss: 0.7585, Recon: 0.6848, KL: 0.0754
Epoch 130/200, Train Loss: 0.7596, Val Loss: 0.7518, Recon: 0.6840, KL: 0.0756
Epoch 135/200, Train Loss: 0.7597, Val Loss: 0.7553, Recon: 0.6861, KL: 0.0736
Epoch 140/200, Train Loss: 0.7567, Val Loss: 0.7505, Recon: 0.6813, KL: 0.0754
Epoch 145/200, Train Loss: 0.7607, Val Loss: 0.7515, Recon: 0.6856, KL: 0.0751
Epoch 150/200, Train Loss: 0.7572, Val Loss: 0.7544, Recon: 0.6802, KL: 0.0769
Epoch 155/200, Train Loss: 0.7566, Val Loss: 0.7572, Recon: 0.6816, KL: 0.0750
Epoch 160/200, Train Loss: 0.7548, Val Loss: 0.7524, Recon: 0.6805, KL: 0.0743
Epoch 165/200, Train Loss: 0.7545, Val Loss: 0.7544, Recon: 0.6799, KL: 0.0746
Epoch 170/200, Train Loss: 0.7556, Val Loss: 0.7508, Recon: 0.6839, KL: 0.0717
Epoch 175/200, Train Loss: 0.7551, Val Loss: 0.7506, Recon: 0.6803, KL: 0.0748
Epoch 180/200, Train Loss: 0.7571, Val Loss: 0.7573, Recon: 0.6828, KL: 0.0743
Epoch 185/200, Train Loss: 0.7568, Val Loss: 0.7531, Recon: 0.6818, KL: 0.0750
Epoch 190/200, Train Loss: 0.7567, Val Loss: 0.7552, Recon: 0.6832, KL: 0.0736
Epoch 195/200, Train Loss: 0.7536, Val Loss: 0.7519, Recon: 0.6800, KL: 0.0737
Epoch 200/200, Train Loss: 0.7562, Val Loss: 0.7504, Recon: 0.6809, KL: 0.0753
Saved model 2 to /net/data.isilon/ag-cherrmann/lduttenhoefer/project/VAE_model/analysis/TRAINING/norm_results_HC_Vgm_G_T_all_columnwise_20251027_1647/models/bootstrap_model_1.pt
Training bootstrap model 3/100
Training data shape IM MODEL: torch.Size([1560, 1194])
Epoch 1/200, Train Loss: 1.1955, Val Loss: 1.0031, Recon: 1.0152, KL: 0.1803
Epoch 5/200, Train Loss: 1.0083, Val Loss: 0.9687, Recon: 1.0053, KL: 0.0030
Epoch 10/200, Train Loss: 1.0045, Val Loss: 0.9656, Recon: 1.0037, KL: 0.0008
Epoch 15/200, Train Loss: 0.9476, Val Loss: 0.8645, Recon: 0.8851, KL: 0.0626
Epoch 20/200, Train Loss: 0.8436, Val Loss: 0.8153, Recon: 0.7667, KL: 0.0769
Epoch 25/200, Train Loss: 0.8202, Val Loss: 0.7944, Recon: 0.7459, KL: 0.0743
Epoch 30/200, Train Loss: 0.7934, Val Loss: 0.7621, Recon: 0.7165, KL: 0.0768
Epoch 35/200, Train Loss: 0.7722, Val Loss: 0.7528, Recon: 0.7003, KL: 0.0719
Epoch 40/200, Train Loss: 0.7666, Val Loss: 0.7502, Recon: 0.6944, KL: 0.0722
Epoch 45/200, Train Loss: 0.7668, Val Loss: 0.7548, Recon: 0.6936, KL: 0.0732
Epoch 50/200, Train Loss: 0.7688, Val Loss: 0.7498, Recon: 0.6919, KL: 0.0769
Epoch 55/200, Train Loss: 0.7678, Val Loss: 0.7539, Recon: 0.6915, KL: 0.0763
Epoch 60/200, Train Loss: 0.7710, Val Loss: 0.7529, Recon: 0.6926, KL: 0.0784
Epoch 65/200, Train Loss: 0.7677, Val Loss: 0.7488, Recon: 0.6912, KL: 0.0765
Epoch 70/200, Train Loss: 0.7639, Val Loss: 0.7530, Recon: 0.6888, KL: 0.0751
Epoch 75/200, Train Loss: 0.7666, Val Loss: 0.7549, Recon: 0.6902, KL: 0.0764
Epoch 80/200, Train Loss: 0.7643, Val Loss: 0.7535, Recon: 0.6885, KL: 0.0758
Epoch 85/200, Train Loss: 0.7639, Val Loss: 0.7516, Recon: 0.6884, KL: 0.0755
Epoch 90/200, Train Loss: 0.7629, Val Loss: 0.7504, Recon: 0.6882, KL: 0.0747
Epoch 95/200, Train Loss: 0.7633, Val Loss: 0.7604, Recon: 0.6878, KL: 0.0755
Epoch 100/200, Train Loss: 0.7631, Val Loss: 0.7553, Recon: 0.6880, KL: 0.0751
Epoch 105/200, Train Loss: 0.7631, Val Loss: 0.7570, Recon: 0.6866, KL: 0.0765
Epoch 110/200, Train Loss: 0.7607, Val Loss: 0.7521, Recon: 0.6869, KL: 0.0738
Epoch 115/200, Train Loss: 0.7611, Val Loss: 0.7516, Recon: 0.6860, KL: 0.0751
Epoch 120/200, Train Loss: 0.7666, Val Loss: 0.7557, Recon: 0.6904, KL: 0.0762
Epoch 125/200, Train Loss: 0.7634, Val Loss: 0.7508, Recon: 0.6856, KL: 0.0779
Epoch 130/200, Train Loss: 0.7604, Val Loss: 0.7510, Recon: 0.6865, KL: 0.0738
Epoch 135/200, Train Loss: 0.7607, Val Loss: 0.7478, Recon: 0.6848, KL: 0.0759
Epoch 140/200, Train Loss: 0.7607, Val Loss: 0.7522, Recon: 0.6846, KL: 0.0761
Epoch 145/200, Train Loss: 0.7584, Val Loss: 0.7505, Recon: 0.6820, KL: 0.0763
Epoch 150/200, Train Loss: 0.7593, Val Loss: 0.7552, Recon: 0.6836, KL: 0.0756
Epoch 155/200, Train Loss: 0.7607, Val Loss: 0.7511, Recon: 0.6844, KL: 0.0762
Epoch 160/200, Train Loss: 0.7612, Val Loss: 0.7485, Recon: 0.6864, KL: 0.0748
Epoch 165/200, Train Loss: 0.7596, Val Loss: 0.7566, Recon: 0.6850, KL: 0.0745
Epoch 170/200, Train Loss: 0.7603, Val Loss: 0.7518, Recon: 0.6844, KL: 0.0758
Epoch 175/200, Train Loss: 0.7584, Val Loss: 0.7520, Recon: 0.6828, KL: 0.0756
Epoch 180/200, Train Loss: 0.7596, Val Loss: 0.7536, Recon: 0.6831, KL: 0.0765
Epoch 185/200, Train Loss: 0.7608, Val Loss: 0.7501, Recon: 0.6850, KL: 0.0758
Epoch 190/200, Train Loss: 0.7610, Val Loss: 0.7504, Recon: 0.6844, KL: 0.0766
Epoch 195/200, Train Loss: 0.7621, Val Loss: 0.7527, Recon: 0.6848, KL: 0.0773
Epoch 200/200, Train Loss: 0.7571, Val Loss: 0.7489, Recon: 0.6821, KL: 0.0750
Saved model 3 to /net/data.isilon/ag-cherrmann/lduttenhoefer/project/VAE_model/analysis/TRAINING/norm_results_HC_Vgm_G_T_all_columnwise_20251027_1647/models/bootstrap_model_2.pt
Training bootstrap model 4/100
Training data shape IM MODEL: torch.Size([1560, 1194])
Epoch 1/200, Train Loss: 1.1991, Val Loss: 1.0105, Recon: 1.0007, KL: 0.1984
Epoch 5/200, Train Loss: 0.9991, Val Loss: 0.9668, Recon: 0.9959, KL: 0.0032
Epoch 10/200, Train Loss: 0.9951, Val Loss: 0.9647, Recon: 0.9944, KL: 0.0007
Epoch 15/200, Train Loss: 0.9943, Val Loss: 0.9641, Recon: 0.9939, KL: 0.0003
Epoch 20/200, Train Loss: 0.9933, Val Loss: 0.9644, Recon: 0.9931, KL: 0.0002
Epoch 25/200, Train Loss: 0.9930, Val Loss: 0.9648, Recon: 0.9925, KL: 0.0005
Epoch 30/200, Train Loss: 0.8402, Val Loss: 0.8150, Recon: 0.7688, KL: 0.0714
Epoch 35/200, Train Loss: 0.7920, Val Loss: 0.7748, Recon: 0.7221, KL: 0.0699
Epoch 40/200, Train Loss: 0.7792, Val Loss: 0.7628, Recon: 0.7092, KL: 0.0700
Epoch 45/200, Train Loss: 0.7777, Val Loss: 0.7514, Recon: 0.7047, KL: 0.0730
Epoch 50/200, Train Loss: 0.7725, Val Loss: 0.7527, Recon: 0.6990, KL: 0.0735
Epoch 55/200, Train Loss: 0.7743, Val Loss: 0.7573, Recon: 0.7017, KL: 0.0726
Epoch 60/200, Train Loss: 0.7706, Val Loss: 0.7500, Recon: 0.6972, KL: 0.0733
Epoch 65/200, Train Loss: 0.7738, Val Loss: 0.7520, Recon: 0.6999, KL: 0.0739
Epoch 70/200, Train Loss: 0.7717, Val Loss: 0.7550, Recon: 0.6982, KL: 0.0735
Epoch 75/200, Train Loss: 0.7673, Val Loss: 0.7569, Recon: 0.6954, KL: 0.0719
Epoch 80/200, Train Loss: 0.7692, Val Loss: 0.7571, Recon: 0.6971, KL: 0.0721
Epoch 85/200, Train Loss: 0.7696, Val Loss: 0.7549, Recon: 0.6971, KL: 0.0725
Epoch 90/200, Train Loss: 0.7697, Val Loss: 0.7593, Recon: 0.6956, KL: 0.0741
Epoch 95/200, Train Loss: 0.7672, Val Loss: 0.7569, Recon: 0.6960, KL: 0.0713
Epoch 100/200, Train Loss: 0.7663, Val Loss: 0.7554, Recon: 0.6942, KL: 0.0720
Epoch 105/200, Train Loss: 0.7682, Val Loss: 0.7547, Recon: 0.6958, KL: 0.0724
Epoch 110/200, Train Loss: 0.7677, Val Loss: 0.7462, Recon: 0.6941, KL: 0.0736
Epoch 115/200, Train Loss: 0.7688, Val Loss: 0.7505, Recon: 0.6950, KL: 0.0738
Epoch 120/200, Train Loss: 0.7673, Val Loss: 0.7550, Recon: 0.6938, KL: 0.0735
Epoch 125/200, Train Loss: 0.7667, Val Loss: 0.7566, Recon: 0.6921, KL: 0.0745
Epoch 130/200, Train Loss: 0.7655, Val Loss: 0.7586, Recon: 0.6927, KL: 0.0727
Epoch 135/200, Train Loss: 0.7655, Val Loss: 0.7511, Recon: 0.6932, KL: 0.0723
Epoch 140/200, Train Loss: 0.7632, Val Loss: 0.7550, Recon: 0.6909, KL: 0.0724
Epoch 145/200, Train Loss: 0.7672, Val Loss: 0.7519, Recon: 0.6935, KL: 0.0737
Epoch 150/200, Train Loss: 0.7659, Val Loss: 0.7507, Recon: 0.6924, KL: 0.0735
Epoch 155/200, Train Loss: 0.7659, Val Loss: 0.7530, Recon: 0.6926, KL: 0.0733
Epoch 160/200, Train Loss: 0.7669, Val Loss: 0.7534, Recon: 0.6933, KL: 0.0737
Epoch 165/200, Train Loss: 0.7641, Val Loss: 0.7494, Recon: 0.6905, KL: 0.0736
Epoch 170/200, Train Loss: 0.7650, Val Loss: 0.7507, Recon: 0.6916, KL: 0.0735
Epoch 175/200, Train Loss: 0.7663, Val Loss: 0.7506, Recon: 0.6920, KL: 0.0743
Epoch 180/200, Train Loss: 0.7658, Val Loss: 0.7534, Recon: 0.6924, KL: 0.0734
Epoch 185/200, Train Loss: 0.7636, Val Loss: 0.7527, Recon: 0.6901, KL: 0.0735
Epoch 190/200, Train Loss: 0.7649, Val Loss: 0.7527, Recon: 0.6912, KL: 0.0737
Epoch 195/200, Train Loss: 0.7636, Val Loss: 0.7516, Recon: 0.6917, KL: 0.0718
Epoch 200/200, Train Loss: 0.7643, Val Loss: 0.7502, Recon: 0.6915, KL: 0.0729
Saved model 4 to /net/data.isilon/ag-cherrmann/lduttenhoefer/project/VAE_model/analysis/TRAINING/norm_results_HC_Vgm_G_T_all_columnwise_20251027_1647/models/bootstrap_model_3.pt
Training bootstrap model 5/100
Training data shape IM MODEL: torch.Size([1560, 1194])
Epoch 1/200, Train Loss: 1.1334, Val Loss: 0.9956, Recon: 0.9997, KL: 0.1337
Epoch 5/200, Train Loss: 0.9967, Val Loss: 0.9672, Recon: 0.9947, KL: 0.0020
Epoch 10/200, Train Loss: 0.9915, Val Loss: 0.9666, Recon: 0.9911, KL: 0.0004
Epoch 15/200, Train Loss: 0.9942, Val Loss: 0.9667, Recon: 0.9940, KL: 0.0002
Epoch 20/200, Train Loss: 0.9911, Val Loss: 0.9667, Recon: 0.9910, KL: 0.0001
Epoch 25/200, Train Loss: 0.9912, Val Loss: 0.9669, Recon: 0.9911, KL: 0.0001
Epoch 30/200, Train Loss: 0.9914, Val Loss: 0.9668, Recon: 0.9912, KL: 0.0002
Epoch 35/200, Train Loss: 0.8542, Val Loss: 0.8102, Recon: 0.7832, KL: 0.0710
Epoch 40/200, Train Loss: 0.8263, Val Loss: 0.8005, Recon: 0.7525, KL: 0.0738
Epoch 45/200, Train Loss: 0.7860, Val Loss: 0.7572, Recon: 0.7158, KL: 0.0701
Epoch 50/200, Train Loss: 0.7787, Val Loss: 0.7585, Recon: 0.7075, KL: 0.0712
Epoch 55/200, Train Loss: 0.7761, Val Loss: 0.7529, Recon: 0.7050, KL: 0.0711
Epoch 60/200, Train Loss: 0.7717, Val Loss: 0.7517, Recon: 0.7001, KL: 0.0716
Epoch 65/200, Train Loss: 0.7713, Val Loss: 0.7520, Recon: 0.7001, KL: 0.0712
Epoch 70/200, Train Loss: 0.7733, Val Loss: 0.7560, Recon: 0.6996, KL: 0.0737
Epoch 75/200, Train Loss: 0.7689, Val Loss: 0.7624, Recon: 0.6951, KL: 0.0739
Epoch 80/200, Train Loss: 0.7691, Val Loss: 0.7608, Recon: 0.6975, KL: 0.0716
Epoch 85/200, Train Loss: 0.7662, Val Loss: 0.7549, Recon: 0.6949, KL: 0.0713
Epoch 90/200, Train Loss: 0.7699, Val Loss: 0.7533, Recon: 0.6970, KL: 0.0729
Epoch 95/200, Train Loss: 0.7685, Val Loss: 0.7528, Recon: 0.6949, KL: 0.0737
Epoch 100/200, Train Loss: 0.7652, Val Loss: 0.7487, Recon: 0.6917, KL: 0.0734
Epoch 105/200, Train Loss: 0.7676, Val Loss: 0.7509, Recon: 0.6948, KL: 0.0728
Epoch 110/200, Train Loss: 0.7655, Val Loss: 0.7501, Recon: 0.6930, KL: 0.0725
Epoch 115/200, Train Loss: 0.7661, Val Loss: 0.7489, Recon: 0.6920, KL: 0.0741
Epoch 120/200, Train Loss: 0.7682, Val Loss: 0.7513, Recon: 0.6954, KL: 0.0729
Epoch 125/200, Train Loss: 0.7648, Val Loss: 0.7491, Recon: 0.6926, KL: 0.0722
Epoch 130/200, Train Loss: 0.7654, Val Loss: 0.7512, Recon: 0.6921, KL: 0.0732
Epoch 135/200, Train Loss: 0.7666, Val Loss: 0.7472, Recon: 0.6926, KL: 0.0739
Epoch 140/200, Train Loss: 0.7656, Val Loss: 0.7481, Recon: 0.6922, KL: 0.0734
Epoch 145/200, Train Loss: 0.7626, Val Loss: 0.7507, Recon: 0.6896, KL: 0.0730
Epoch 150/200, Train Loss: 0.7645, Val Loss: 0.7533, Recon: 0.6904, KL: 0.0741
Epoch 155/200, Train Loss: 0.7621, Val Loss: 0.7581, Recon: 0.6902, KL: 0.0718
Epoch 160/200, Train Loss: 0.7632, Val Loss: 0.7496, Recon: 0.6899, KL: 0.0733
Epoch 165/200, Train Loss: 0.7650, Val Loss: 0.7608, Recon: 0.6924, KL: 0.0726
Epoch 170/200, Train Loss: 0.7633, Val Loss: 0.7525, Recon: 0.6903, KL: 0.0730
Epoch 175/200, Train Loss: 0.7645, Val Loss: 0.7492, Recon: 0.6915, KL: 0.0730
Epoch 180/200, Train Loss: 0.7654, Val Loss: 0.7565, Recon: 0.6911, KL: 0.0743
Epoch 185/200, Train Loss: 0.7634, Val Loss: 0.7560, Recon: 0.6901, KL: 0.0733
Epoch 190/200, Train Loss: 0.7607, Val Loss: 0.7504, Recon: 0.6881, KL: 0.0726
Epoch 195/200, Train Loss: 0.7651, Val Loss: 0.7521, Recon: 0.6908, KL: 0.0743
Epoch 200/200, Train Loss: 0.7636, Val Loss: 0.7555, Recon: 0.6894, KL: 0.0742
Saved model 5 to /net/data.isilon/ag-cherrmann/lduttenhoefer/project/VAE_model/analysis/TRAINING/norm_results_HC_Vgm_G_T_all_columnwise_20251027_1647/models/bootstrap_model_4.pt
Training bootstrap model 6/100
Training data shape IM MODEL: torch.Size([1560, 1194])
Epoch 1/200, Train Loss: 1.1530, Val Loss: 0.9935, Recon: 1.0060, KL: 0.1470
Epoch 5/200, Train Loss: 0.9988, Val Loss: 0.9690, Recon: 0.9963, KL: 0.0026
Epoch 10/200, Train Loss: 0.8756, Val Loss: 0.8259, Recon: 0.8133, KL: 0.0622
Epoch 15/200, Train Loss: 0.8253, Val Loss: 0.7990, Recon: 0.7501, KL: 0.0752
Epoch 20/200, Train Loss: 0.8056, Val Loss: 0.7836, Recon: 0.7293, KL: 0.0763
Epoch 25/200, Train Loss: 0.7761, Val Loss: 0.7569, Recon: 0.7035, KL: 0.0726
Epoch 30/200, Train Loss: 0.7680, Val Loss: 0.7560, Recon: 0.6933, KL: 0.0746
Epoch 35/200, Train Loss: 0.7653, Val Loss: 0.7542, Recon: 0.6915, KL: 0.0738
Epoch 40/200, Train Loss: 0.7655, Val Loss: 0.7586, Recon: 0.6915, KL: 0.0740
Epoch 45/200, Train Loss: 0.7669, Val Loss: 0.7540, Recon: 0.6911, KL: 0.0758
Epoch 50/200, Train Loss: 0.7646, Val Loss: 0.7507, Recon: 0.6895, KL: 0.0752
Epoch 55/200, Train Loss: 0.7684, Val Loss: 0.7501, Recon: 0.6920, KL: 0.0764
Epoch 60/200, Train Loss: 0.7624, Val Loss: 0.7525, Recon: 0.6883, KL: 0.0741
Epoch 65/200, Train Loss: 0.7620, Val Loss: 0.7517, Recon: 0.6882, KL: 0.0738
Epoch 70/200, Train Loss: 0.7612, Val Loss: 0.7568, Recon: 0.6882, KL: 0.0730
Epoch 75/200, Train Loss: 0.7636, Val Loss: 0.7524, Recon: 0.6894, KL: 0.0742
Epoch 80/200, Train Loss: 0.7600, Val Loss: 0.7555, Recon: 0.6857, KL: 0.0743
Epoch 85/200, Train Loss: 0.7631, Val Loss: 0.7554, Recon: 0.6887, KL: 0.0743
Epoch 90/200, Train Loss: 0.7611, Val Loss: 0.7508, Recon: 0.6873, KL: 0.0738
Epoch 95/200, Train Loss: 0.7597, Val Loss: 0.7503, Recon: 0.6846, KL: 0.0750
Epoch 100/200, Train Loss: 0.7634, Val Loss: 0.7579, Recon: 0.6871, KL: 0.0762
Epoch 105/200, Train Loss: 0.7635, Val Loss: 0.7535, Recon: 0.6880, KL: 0.0755
Epoch 110/200, Train Loss: 0.7604, Val Loss: 0.7533, Recon: 0.6861, KL: 0.0744
Epoch 115/200, Train Loss: 0.7585, Val Loss: 0.7507, Recon: 0.6857, KL: 0.0728
Epoch 120/200, Train Loss: 0.7616, Val Loss: 0.7540, Recon: 0.6866, KL: 0.0750
Epoch 125/200, Train Loss: 0.7566, Val Loss: 0.7500, Recon: 0.6828, KL: 0.0738
Epoch 130/200, Train Loss: 0.7574, Val Loss: 0.7537, Recon: 0.6851, KL: 0.0723
Epoch 135/200, Train Loss: 0.7581, Val Loss: 0.7518, Recon: 0.6841, KL: 0.0740
Epoch 140/200, Train Loss: 0.7579, Val Loss: 0.7530, Recon: 0.6848, KL: 0.0731
Epoch 145/200, Train Loss: 0.7565, Val Loss: 0.7490, Recon: 0.6839, KL: 0.0726
Epoch 150/200, Train Loss: 0.7608, Val Loss: 0.7559, Recon: 0.6859, KL: 0.0749
Epoch 155/200, Train Loss: 0.7603, Val Loss: 0.7595, Recon: 0.6862, KL: 0.0740
Epoch 160/200, Train Loss: 0.7584, Val Loss: 0.7491, Recon: 0.6842, KL: 0.0742
Epoch 165/200, Train Loss: 0.7546, Val Loss: 0.7510, Recon: 0.6826, KL: 0.0719
Epoch 170/200, Train Loss: 0.7570, Val Loss: 0.7550, Recon: 0.6848, KL: 0.0721
Epoch 175/200, Train Loss: 0.7579, Val Loss: 0.7550, Recon: 0.6842, KL: 0.0737
Epoch 180/200, Train Loss: 0.7583, Val Loss: 0.7520, Recon: 0.6841, KL: 0.0742
Epoch 185/200, Train Loss: 0.7577, Val Loss: 0.7550, Recon: 0.6834, KL: 0.0743
Epoch 190/200, Train Loss: 0.7564, Val Loss: 0.7547, Recon: 0.6823, KL: 0.0742
Epoch 195/200, Train Loss: 0.7555, Val Loss: 0.7559, Recon: 0.6811, KL: 0.0744
Epoch 200/200, Train Loss: 0.7566, Val Loss: 0.7497, Recon: 0.6833, KL: 0.0733
Saved model 6 to /net/data.isilon/ag-cherrmann/lduttenhoefer/project/VAE_model/analysis/TRAINING/norm_results_HC_Vgm_G_T_all_columnwise_20251027_1647/models/bootstrap_model_5.pt
Training bootstrap model 7/100
Training data shape IM MODEL: torch.Size([1560, 1194])
Epoch 1/200, Train Loss: 1.1893, Val Loss: 1.0058, Recon: 0.9959, KL: 0.1934
Epoch 5/200, Train Loss: 0.9920, Val Loss: 0.9674, Recon: 0.9884, KL: 0.0036
Epoch 10/200, Train Loss: 0.9884, Val Loss: 0.9655, Recon: 0.9877, KL: 0.0007
Epoch 15/200, Train Loss: 0.9882, Val Loss: 0.9650, Recon: 0.9879, KL: 0.0003
Epoch 20/200, Train Loss: 0.9871, Val Loss: 0.9638, Recon: 0.9869, KL: 0.0002
Epoch 25/200, Train Loss: 0.9865, Val Loss: 0.9645, Recon: 0.9863, KL: 0.0002
Epoch 30/200, Train Loss: 0.9866, Val Loss: 0.9644, Recon: 0.9857, KL: 0.0010
Epoch 35/200, Train Loss: 0.8251, Val Loss: 0.8053, Recon: 0.7540, KL: 0.0711
Epoch 40/200, Train Loss: 0.8047, Val Loss: 0.7873, Recon: 0.7317, KL: 0.0730
Epoch 45/200, Train Loss: 0.7738, Val Loss: 0.7584, Recon: 0.7018, KL: 0.0720
Epoch 50/200, Train Loss: 0.7672, Val Loss: 0.7578, Recon: 0.6951, KL: 0.0721
Epoch 55/200, Train Loss: 0.7668, Val Loss: 0.7535, Recon: 0.6929, KL: 0.0739
Epoch 60/200, Train Loss: 0.7652, Val Loss: 0.7494, Recon: 0.6893, KL: 0.0759
Epoch 65/200, Train Loss: 0.7600, Val Loss: 0.7581, Recon: 0.6882, KL: 0.0718
Epoch 70/200, Train Loss: 0.7635, Val Loss: 0.7527, Recon: 0.6889, KL: 0.0745
Epoch 75/200, Train Loss: 0.7606, Val Loss: 0.7550, Recon: 0.6872, KL: 0.0734
Epoch 80/200, Train Loss: 0.7627, Val Loss: 0.7525, Recon: 0.6898, KL: 0.0729
Epoch 85/200, Train Loss: 0.7617, Val Loss: 0.7522, Recon: 0.6872, KL: 0.0744
Epoch 90/200, Train Loss: 0.7590, Val Loss: 0.7558, Recon: 0.6863, KL: 0.0727
Epoch 95/200, Train Loss: 0.7618, Val Loss: 0.7543, Recon: 0.6867, KL: 0.0751
Epoch 100/200, Train Loss: 0.7591, Val Loss: 0.7538, Recon: 0.6841, KL: 0.0750
Epoch 105/200, Train Loss: 0.7615, Val Loss: 0.7508, Recon: 0.6867, KL: 0.0748
Epoch 110/200, Train Loss: 0.7570, Val Loss: 0.7484, Recon: 0.6827, KL: 0.0743
Epoch 115/200, Train Loss: 0.7600, Val Loss: 0.7534, Recon: 0.6858, KL: 0.0741
Epoch 120/200, Train Loss: 0.7592, Val Loss: 0.7552, Recon: 0.6862, KL: 0.0730
Epoch 125/200, Train Loss: 0.7557, Val Loss: 0.7500, Recon: 0.6825, KL: 0.0731
Epoch 130/200, Train Loss: 0.7577, Val Loss: 0.7512, Recon: 0.6839, KL: 0.0738
Epoch 135/200, Train Loss: 0.7601, Val Loss: 0.7556, Recon: 0.6843, KL: 0.0758
Epoch 140/200, Train Loss: 0.7568, Val Loss: 0.7604, Recon: 0.6828, KL: 0.0739
Epoch 145/200, Train Loss: 0.7552, Val Loss: 0.7550, Recon: 0.6814, KL: 0.0738
Epoch 150/200, Train Loss: 0.7588, Val Loss: 0.7549, Recon: 0.6842, KL: 0.0746
Epoch 155/200, Train Loss: 0.7560, Val Loss: 0.7557, Recon: 0.6811, KL: 0.0749
Epoch 160/200, Train Loss: 0.7533, Val Loss: 0.7536, Recon: 0.6796, KL: 0.0737
Epoch 165/200, Train Loss: 0.7561, Val Loss: 0.7596, Recon: 0.6827, KL: 0.0735
Epoch 170/200, Train Loss: 0.7554, Val Loss: 0.7540, Recon: 0.6807, KL: 0.0747
Epoch 175/200, Train Loss: 0.7543, Val Loss: 0.7489, Recon: 0.6803, KL: 0.0741
Epoch 180/200, Train Loss: 0.7539, Val Loss: 0.7524, Recon: 0.6815, KL: 0.0724
Epoch 185/200, Train Loss: 0.7570, Val Loss: 0.7521, Recon: 0.6832, KL: 0.0738
Epoch 190/200, Train Loss: 0.7526, Val Loss: 0.7518, Recon: 0.6800, KL: 0.0726
Epoch 195/200, Train Loss: 0.7559, Val Loss: 0.7496, Recon: 0.6812, KL: 0.0747
Epoch 200/200, Train Loss: 0.7537, Val Loss: 0.7618, Recon: 0.6806, KL: 0.0731
Saved model 7 to /net/data.isilon/ag-cherrmann/lduttenhoefer/project/VAE_model/analysis/TRAINING/norm_results_HC_Vgm_G_T_all_columnwise_20251027_1647/models/bootstrap_model_6.pt
Training bootstrap model 8/100
Training data shape IM MODEL: torch.Size([1560, 1194])
Epoch 1/200, Train Loss: 1.2538, Val Loss: 1.0167, Recon: 1.0395, KL: 0.2143
Epoch 5/200, Train Loss: 1.0410, Val Loss: 0.9703, Recon: 1.0363, KL: 0.0047
Epoch 10/200, Train Loss: 1.0318, Val Loss: 0.9689, Recon: 1.0308, KL: 0.0010
Epoch 15/200, Train Loss: 0.8892, Val Loss: 0.8383, Recon: 0.8026, KL: 0.0866
Epoch 20/200, Train Loss: 0.8329, Val Loss: 0.8037, Recon: 0.7560, KL: 0.0769
Epoch 25/200, Train Loss: 0.7877, Val Loss: 0.7628, Recon: 0.7122, KL: 0.0756
Epoch 30/200, Train Loss: 0.7853, Val Loss: 0.7493, Recon: 0.7098, KL: 0.0754
Epoch 35/200, Train Loss: 0.7775, Val Loss: 0.7545, Recon: 0.7023, KL: 0.0752
Epoch 40/200, Train Loss: 0.7738, Val Loss: 0.7562, Recon: 0.6985, KL: 0.0753
Epoch 45/200, Train Loss: 0.7751, Val Loss: 0.7514, Recon: 0.6975, KL: 0.0776
Epoch 50/200, Train Loss: 0.7714, Val Loss: 0.7503, Recon: 0.6953, KL: 0.0761
Epoch 55/200, Train Loss: 0.7719, Val Loss: 0.7542, Recon: 0.6945, KL: 0.0775
Epoch 60/200, Train Loss: 0.7703, Val Loss: 0.7561, Recon: 0.6945, KL: 0.0758
Epoch 65/200, Train Loss: 0.7674, Val Loss: 0.7502, Recon: 0.6916, KL: 0.0759
Epoch 70/200, Train Loss: 0.7718, Val Loss: 0.7598, Recon: 0.6946, KL: 0.0772
Epoch 75/200, Train Loss: 0.7748, Val Loss: 0.7501, Recon: 0.6977, KL: 0.0771
Epoch 80/200, Train Loss: 0.7701, Val Loss: 0.7488, Recon: 0.6938, KL: 0.0762
Epoch 85/200, Train Loss: 0.7667, Val Loss: 0.7597, Recon: 0.6896, KL: 0.0771
Epoch 90/200, Train Loss: 0.7698, Val Loss: 0.7525, Recon: 0.6921, KL: 0.0778
Epoch 95/200, Train Loss: 0.7692, Val Loss: 0.7503, Recon: 0.6904, KL: 0.0788
Epoch 100/200, Train Loss: 0.7663, Val Loss: 0.7554, Recon: 0.6899, KL: 0.0764
Epoch 105/200, Train Loss: 0.7671, Val Loss: 0.7541, Recon: 0.6907, KL: 0.0764
Epoch 110/200, Train Loss: 0.7659, Val Loss: 0.7522, Recon: 0.6888, KL: 0.0771
Epoch 115/200, Train Loss: 0.7662, Val Loss: 0.7506, Recon: 0.6881, KL: 0.0781
Epoch 120/200, Train Loss: 0.7659, Val Loss: 0.7544, Recon: 0.6889, KL: 0.0770
Epoch 125/200, Train Loss: 0.7657, Val Loss: 0.7537, Recon: 0.6883, KL: 0.0773
Epoch 130/200, Train Loss: 0.7669, Val Loss: 0.7600, Recon: 0.6891, KL: 0.0778
Epoch 135/200, Train Loss: 0.7657, Val Loss: 0.7542, Recon: 0.6876, KL: 0.0781
Epoch 140/200, Train Loss: 0.7633, Val Loss: 0.7536, Recon: 0.6866, KL: 0.0767
Epoch 145/200, Train Loss: 0.7648, Val Loss: 0.7515, Recon: 0.6884, KL: 0.0764
Epoch 150/200, Train Loss: 0.7648, Val Loss: 0.7522, Recon: 0.6875, KL: 0.0773
Epoch 155/200, Train Loss: 0.7638, Val Loss: 0.7536, Recon: 0.6879, KL: 0.0759
Epoch 160/200, Train Loss: 0.7649, Val Loss: 0.7553, Recon: 0.6873, KL: 0.0776
Epoch 165/200, Train Loss: 0.7649, Val Loss: 0.7509, Recon: 0.6890, KL: 0.0759
Epoch 170/200, Train Loss: 0.7641, Val Loss: 0.7560, Recon: 0.6870, KL: 0.0771
Epoch 175/200, Train Loss: 0.7651, Val Loss: 0.7523, Recon: 0.6866, KL: 0.0785
Epoch 180/200, Train Loss: 0.7635, Val Loss: 0.7529, Recon: 0.6857, KL: 0.0778
Epoch 185/200, Train Loss: 0.7671, Val Loss: 0.7524, Recon: 0.6887, KL: 0.0784
Epoch 190/200, Train Loss: 0.7620, Val Loss: 0.7524, Recon: 0.6854, KL: 0.0766
Epoch 195/200, Train Loss: 0.7649, Val Loss: 0.7505, Recon: 0.6848, KL: 0.0801
Epoch 200/200, Train Loss: 0.7645, Val Loss: 0.7529, Recon: 0.6861, KL: 0.0784
Saved model 8 to /net/data.isilon/ag-cherrmann/lduttenhoefer/project/VAE_model/analysis/TRAINING/norm_results_HC_Vgm_G_T_all_columnwise_20251027_1647/models/bootstrap_model_7.pt
Training bootstrap model 9/100
Training data shape IM MODEL: torch.Size([1560, 1194])
Epoch 1/200, Train Loss: 1.2258, Val Loss: 1.0133, Recon: 1.0250, KL: 0.2007
Epoch 5/200, Train Loss: 1.0219, Val Loss: 0.9693, Recon: 1.0178, KL: 0.0041
Epoch 10/200, Train Loss: 1.0189, Val Loss: 0.9663, Recon: 1.0180, KL: 0.0010
Epoch 15/200, Train Loss: 0.9945, Val Loss: 0.8569, Recon: 0.9744, KL: 0.0201
Epoch 20/200, Train Loss: 0.8385, Val Loss: 0.7949, Recon: 0.7611, KL: 0.0774
Epoch 25/200, Train Loss: 0.8076, Val Loss: 0.7727, Recon: 0.7307, KL: 0.0770
Epoch 30/200, Train Loss: 0.7797, Val Loss: 0.7569, Recon: 0.7063, KL: 0.0734
Epoch 35/200, Train Loss: 0.7714, Val Loss: 0.7543, Recon: 0.6975, KL: 0.0739
Epoch 40/200, Train Loss: 0.7717, Val Loss: 0.7546, Recon: 0.6969, KL: 0.0747
Epoch 45/200, Train Loss: 0.7729, Val Loss: 0.7608, Recon: 0.6967, KL: 0.0762
Epoch 50/200, Train Loss: 0.7717, Val Loss: 0.7554, Recon: 0.6960, KL: 0.0757
Epoch 55/200, Train Loss: 0.7716, Val Loss: 0.7500, Recon: 0.6953, KL: 0.0763
Epoch 60/200, Train Loss: 0.7715, Val Loss: 0.7536, Recon: 0.6953, KL: 0.0762
Epoch 65/200, Train Loss: 0.7674, Val Loss: 0.7510, Recon: 0.6928, KL: 0.0746
Epoch 70/200, Train Loss: 0.7693, Val Loss: 0.7581, Recon: 0.6927, KL: 0.0766
Epoch 75/200, Train Loss: 0.7687, Val Loss: 0.7514, Recon: 0.6930, KL: 0.0758
Epoch 80/200, Train Loss: 0.7665, Val Loss: 0.7603, Recon: 0.6901, KL: 0.0764
Epoch 85/200, Train Loss: 0.7680, Val Loss: 0.7524, Recon: 0.6920, KL: 0.0760
Epoch 90/200, Train Loss: 0.7645, Val Loss: 0.7511, Recon: 0.6895, KL: 0.0750
Epoch 95/200, Train Loss: 0.7670, Val Loss: 0.7566, Recon: 0.6906, KL: 0.0764
Epoch 100/200, Train Loss: 0.7673, Val Loss: 0.7511, Recon: 0.6914, KL: 0.0759
Epoch 105/200, Train Loss: 0.7656, Val Loss: 0.7553, Recon: 0.6891, KL: 0.0764
Epoch 110/200, Train Loss: 0.7668, Val Loss: 0.7500, Recon: 0.6903, KL: 0.0764
Epoch 115/200, Train Loss: 0.7646, Val Loss: 0.7498, Recon: 0.6890, KL: 0.0757
Epoch 120/200, Train Loss: 0.7677, Val Loss: 0.7537, Recon: 0.6917, KL: 0.0759
Epoch 125/200, Train Loss: 0.7668, Val Loss: 0.7598, Recon: 0.6911, KL: 0.0756
Epoch 130/200, Train Loss: 0.7648, Val Loss: 0.7528, Recon: 0.6889, KL: 0.0759
Epoch 135/200, Train Loss: 0.7633, Val Loss: 0.7528, Recon: 0.6871, KL: 0.0762
Epoch 140/200, Train Loss: 0.7626, Val Loss: 0.7525, Recon: 0.6880, KL: 0.0746
Epoch 145/200, Train Loss: 0.7621, Val Loss: 0.7550, Recon: 0.6879, KL: 0.0742
Epoch 150/200, Train Loss: 0.7637, Val Loss: 0.7557, Recon: 0.6871, KL: 0.0766
Epoch 155/200, Train Loss: 0.7629, Val Loss: 0.7535, Recon: 0.6879, KL: 0.0750
Epoch 160/200, Train Loss: 0.7653, Val Loss: 0.7534, Recon: 0.6891, KL: 0.0762
Epoch 165/200, Train Loss: 0.7626, Val Loss: 0.7494, Recon: 0.6871, KL: 0.0755
Epoch 170/200, Train Loss: 0.7682, Val Loss: 0.7531, Recon: 0.6905, KL: 0.0777
Epoch 175/200, Train Loss: 0.7656, Val Loss: 0.7535, Recon: 0.6875, KL: 0.0781
Epoch 180/200, Train Loss: 0.7619, Val Loss: 0.7581, Recon: 0.6857, KL: 0.0761
Epoch 185/200, Train Loss: 0.7594, Val Loss: 0.7574, Recon: 0.6843, KL: 0.0751
Epoch 190/200, Train Loss: 0.7647, Val Loss: 0.7518, Recon: 0.6864, KL: 0.0783
Epoch 195/200, Train Loss: 0.7613, Val Loss: 0.7534, Recon: 0.6858, KL: 0.0755
Epoch 200/200, Train Loss: 0.7589, Val Loss: 0.7518, Recon: 0.6832, KL: 0.0757
Saved model 9 to /net/data.isilon/ag-cherrmann/lduttenhoefer/project/VAE_model/analysis/TRAINING/norm_results_HC_Vgm_G_T_all_columnwise_20251027_1647/models/bootstrap_model_8.pt
Training bootstrap model 10/100
Training data shape IM MODEL: torch.Size([1560, 1194])
Epoch 1/200, Train Loss: 1.1764, Val Loss: 0.9996, Recon: 1.0165, KL: 0.1598
Epoch 5/200, Train Loss: 1.0110, Val Loss: 0.9680, Recon: 1.0085, KL: 0.0025
Epoch 10/200, Train Loss: 1.0121, Val Loss: 0.9668, Recon: 1.0116, KL: 0.0006
Epoch 15/200, Train Loss: 0.9820, Val Loss: 0.8478, Recon: 0.9587, KL: 0.0233
Epoch 20/200, Train Loss: 0.8374, Val Loss: 0.8063, Recon: 0.7615, KL: 0.0759
Epoch 25/200, Train Loss: 0.7965, Val Loss: 0.7672, Recon: 0.7237, KL: 0.0728
Epoch 30/200, Train Loss: 0.7712, Val Loss: 0.7572, Recon: 0.7003, KL: 0.0708
Epoch 35/200, Train Loss: 0.7717, Val Loss: 0.7629, Recon: 0.6983, KL: 0.0734
Epoch 40/200, Train Loss: 0.7659, Val Loss: 0.7564, Recon: 0.6921, KL: 0.0738
Epoch 45/200, Train Loss: 0.7671, Val Loss: 0.7535, Recon: 0.6916, KL: 0.0756
Epoch 50/200, Train Loss: 0.7622, Val Loss: 0.7568, Recon: 0.6863, KL: 0.0759
Epoch 55/200, Train Loss: 0.7658, Val Loss: 0.7542, Recon: 0.6898, KL: 0.0760
Epoch 60/200, Train Loss: 0.7608, Val Loss: 0.7553, Recon: 0.6855, KL: 0.0753
Epoch 65/200, Train Loss: 0.7606, Val Loss: 0.7451, Recon: 0.6850, KL: 0.0756
Epoch 70/200, Train Loss: 0.7629, Val Loss: 0.7550, Recon: 0.6874, KL: 0.0755
Epoch 75/200, Train Loss: 0.7606, Val Loss: 0.7527, Recon: 0.6854, KL: 0.0752
Epoch 80/200, Train Loss: 0.7614, Val Loss: 0.7553, Recon: 0.6844, KL: 0.0770
Epoch 85/200, Train Loss: 0.7606, Val Loss: 0.7558, Recon: 0.6854, KL: 0.0752
Epoch 90/200, Train Loss: 0.7561, Val Loss: 0.7528, Recon: 0.6813, KL: 0.0747
Epoch 95/200, Train Loss: 0.7578, Val Loss: 0.7563, Recon: 0.6823, KL: 0.0754
Epoch 100/200, Train Loss: 0.7589, Val Loss: 0.7532, Recon: 0.6833, KL: 0.0756
Epoch 105/200, Train Loss: 0.7614, Val Loss: 0.7591, Recon: 0.6843, KL: 0.0771
Epoch 110/200, Train Loss: 0.7577, Val Loss: 0.7517, Recon: 0.6809, KL: 0.0769
Epoch 115/200, Train Loss: 0.7576, Val Loss: 0.7570, Recon: 0.6816, KL: 0.0760
Epoch 120/200, Train Loss: 0.7568, Val Loss: 0.7526, Recon: 0.6817, KL: 0.0751
Epoch 125/200, Train Loss: 0.7570, Val Loss: 0.7511, Recon: 0.6806, KL: 0.0764
Epoch 130/200, Train Loss: 0.7568, Val Loss: 0.7570, Recon: 0.6813, KL: 0.0755
Epoch 135/200, Train Loss: 0.7560, Val Loss: 0.7543, Recon: 0.6816, KL: 0.0744
Epoch 140/200, Train Loss: 0.7584, Val Loss: 0.7578, Recon: 0.6816, KL: 0.0768
Epoch 145/200, Train Loss: 0.7593, Val Loss: 0.7571, Recon: 0.6829, KL: 0.0764
Epoch 150/200, Train Loss: 0.7562, Val Loss: 0.7526, Recon: 0.6792, KL: 0.0771
Epoch 155/200, Train Loss: 0.7539, Val Loss: 0.7640, Recon: 0.6792, KL: 0.0747
Epoch 160/200, Train Loss: 0.7569, Val Loss: 0.7526, Recon: 0.6806, KL: 0.0763
Epoch 165/200, Train Loss: 0.7579, Val Loss: 0.7579, Recon: 0.6797, KL: 0.0782
Epoch 170/200, Train Loss: 0.7572, Val Loss: 0.7613, Recon: 0.6803, KL: 0.0769
Epoch 175/200, Train Loss: 0.7550, Val Loss: 0.7536, Recon: 0.6793, KL: 0.0758
Epoch 180/200, Train Loss: 0.7567, Val Loss: 0.7513, Recon: 0.6809, KL: 0.0758
Epoch 185/200, Train Loss: 0.7548, Val Loss: 0.7540, Recon: 0.6776, KL: 0.0772
Epoch 190/200, Train Loss: 0.7558, Val Loss: 0.7547, Recon: 0.6798, KL: 0.0761
Epoch 195/200, Train Loss: 0.7550, Val Loss: 0.7534, Recon: 0.6785, KL: 0.0765
Epoch 200/200, Train Loss: 0.7542, Val Loss: 0.7583, Recon: 0.6794, KL: 0.0748
Saved model 10 to /net/data.isilon/ag-cherrmann/lduttenhoefer/project/VAE_model/analysis/TRAINING/norm_results_HC_Vgm_G_T_all_columnwise_20251027_1647/models/bootstrap_model_9.pt
Training bootstrap model 11/100
Training data shape IM MODEL: torch.Size([1560, 1194])
Epoch 1/200, Train Loss: 1.2197, Val Loss: 1.0126, Recon: 1.0223, KL: 0.1974
Epoch 5/200, Train Loss: 1.0207, Val Loss: 0.9687, Recon: 1.0164, KL: 0.0043
Epoch 10/200, Train Loss: 1.0170, Val Loss: 0.9665, Recon: 1.0162, KL: 0.0008
Epoch 15/200, Train Loss: 1.0163, Val Loss: 0.9660, Recon: 1.0159, KL: 0.0004
Epoch 20/200, Train Loss: 1.0151, Val Loss: 0.9655, Recon: 1.0149, KL: 0.0002
Epoch 25/200, Train Loss: 1.0160, Val Loss: 0.9662, Recon: 1.0159, KL: 0.0001
Epoch 30/200, Train Loss: 1.0162, Val Loss: 0.9652, Recon: 1.0161, KL: 0.0001
Epoch 35/200, Train Loss: 1.0143, Val Loss: 0.9647, Recon: 1.0141, KL: 0.0002
Epoch 40/200, Train Loss: 0.8520, Val Loss: 0.8168, Recon: 0.7756, KL: 0.0764
Epoch 45/200, Train Loss: 0.7916, Val Loss: 0.7657, Recon: 0.7210, KL: 0.0707
Epoch 50/200, Train Loss: 0.7821, Val Loss: 0.7613, Recon: 0.7079, KL: 0.0742
Epoch 55/200, Train Loss: 0.7761, Val Loss: 0.7550, Recon: 0.7014, KL: 0.0747
Epoch 60/200, Train Loss: 0.7766, Val Loss: 0.7536, Recon: 0.6992, KL: 0.0774
Epoch 65/200, Train Loss: 0.7893, Val Loss: 0.7566, Recon: 0.7041, KL: 0.0853
Epoch 70/200, Train Loss: 0.7734, Val Loss: 0.7511, Recon: 0.6995, KL: 0.0739
Epoch 75/200, Train Loss: 0.7700, Val Loss: 0.7596, Recon: 0.6939, KL: 0.0760
Epoch 80/200, Train Loss: 0.7705, Val Loss: 0.7550, Recon: 0.6953, KL: 0.0752
Epoch 85/200, Train Loss: 0.7699, Val Loss: 0.7554, Recon: 0.6948, KL: 0.0751
Epoch 90/200, Train Loss: 0.7687, Val Loss: 0.7537, Recon: 0.6947, KL: 0.0740
Epoch 95/200, Train Loss: 0.7735, Val Loss: 0.7521, Recon: 0.6957, KL: 0.0777
Epoch 100/200, Train Loss: 0.7700, Val Loss: 0.7548, Recon: 0.6960, KL: 0.0739
Epoch 105/200, Train Loss: 0.7677, Val Loss: 0.7527, Recon: 0.6928, KL: 0.0749
Epoch 110/200, Train Loss: 0.7682, Val Loss: 0.7606, Recon: 0.6914, KL: 0.0768
Epoch 115/200, Train Loss: 0.7661, Val Loss: 0.7532, Recon: 0.6917, KL: 0.0745
Epoch 120/200, Train Loss: 0.7696, Val Loss: 0.7546, Recon: 0.6935, KL: 0.0761
Epoch 125/200, Train Loss: 0.7685, Val Loss: 0.7634, Recon: 0.6931, KL: 0.0754
Epoch 130/200, Train Loss: 0.7667, Val Loss: 0.7488, Recon: 0.6922, KL: 0.0745
Epoch 135/200, Train Loss: 0.7673, Val Loss: 0.7615, Recon: 0.6909, KL: 0.0764
Epoch 140/200, Train Loss: 0.7677, Val Loss: 0.7608, Recon: 0.6935, KL: 0.0742
Epoch 145/200, Train Loss: 0.7638, Val Loss: 0.7502, Recon: 0.6884, KL: 0.0754
Epoch 150/200, Train Loss: 0.7665, Val Loss: 0.7530, Recon: 0.6897, KL: 0.0768
Epoch 155/200, Train Loss: 0.7656, Val Loss: 0.7514, Recon: 0.6891, KL: 0.0766
Epoch 160/200, Train Loss: 0.7665, Val Loss: 0.7499, Recon: 0.6895, KL: 0.0769
Epoch 165/200, Train Loss: 0.7683, Val Loss: 0.7544, Recon: 0.6902, KL: 0.0781
Epoch 170/200, Train Loss: 0.7648, Val Loss: 0.7549, Recon: 0.6880, KL: 0.0767
Epoch 175/200, Train Loss: 0.7632, Val Loss: 0.7549, Recon: 0.6875, KL: 0.0758
Epoch 180/200, Train Loss: 0.7676, Val Loss: 0.7506, Recon: 0.6900, KL: 0.0776
Epoch 185/200, Train Loss: 0.7666, Val Loss: 0.7598, Recon: 0.6893, KL: 0.0773
Epoch 190/200, Train Loss: 0.7639, Val Loss: 0.7507, Recon: 0.6873, KL: 0.0766
Epoch 195/200, Train Loss: 0.7642, Val Loss: 0.7531, Recon: 0.6870, KL: 0.0771
Epoch 200/200, Train Loss: 0.7656, Val Loss: 0.7556, Recon: 0.6885, KL: 0.0771
Saved model 11 to /net/data.isilon/ag-cherrmann/lduttenhoefer/project/VAE_model/analysis/TRAINING/norm_results_HC_Vgm_G_T_all_columnwise_20251027_1647/models/bootstrap_model_10.pt
Training bootstrap model 12/100
Training data shape IM MODEL: torch.Size([1560, 1194])
Epoch 1/200, Train Loss: 1.1879, Val Loss: 1.0027, Recon: 1.0019, KL: 0.1861
Epoch 5/200, Train Loss: 0.9961, Val Loss: 0.9681, Recon: 0.9925, KL: 0.0035
Epoch 10/200, Train Loss: 0.9929, Val Loss: 0.9662, Recon: 0.9922, KL: 0.0007
Epoch 15/200, Train Loss: 0.9925, Val Loss: 0.9656, Recon: 0.9921, KL: 0.0004
Epoch 20/200, Train Loss: 0.9917, Val Loss: 0.9654, Recon: 0.9914, KL: 0.0003
Epoch 25/200, Train Loss: 0.9913, Val Loss: 0.9651, Recon: 0.9911, KL: 0.0002
Epoch 30/200, Train Loss: 0.9924, Val Loss: 0.9657, Recon: 0.9921, KL: 0.0003
Epoch 35/200, Train Loss: 0.8661, Val Loss: 0.8110, Recon: 0.7940, KL: 0.0721
Epoch 40/200, Train Loss: 0.8149, Val Loss: 0.7926, Recon: 0.7400, KL: 0.0749
Epoch 45/200, Train Loss: 0.7824, Val Loss: 0.7621, Recon: 0.7073, KL: 0.0751
Epoch 50/200, Train Loss: 0.7708, Val Loss: 0.7555, Recon: 0.6983, KL: 0.0724
Epoch 55/200, Train Loss: 0.7681, Val Loss: 0.7554, Recon: 0.6941, KL: 0.0740
Epoch 60/200, Train Loss: 0.7660, Val Loss: 0.7701, Recon: 0.6926, KL: 0.0734
Epoch 65/200, Train Loss: 0.7639, Val Loss: 0.7638, Recon: 0.6909, KL: 0.0730
Epoch 70/200, Train Loss: 0.7635, Val Loss: 0.7562, Recon: 0.6897, KL: 0.0738
Epoch 75/200, Train Loss: 0.7647, Val Loss: 0.7625, Recon: 0.6892, KL: 0.0755
Epoch 80/200, Train Loss: 0.7592, Val Loss: 0.7556, Recon: 0.6855, KL: 0.0738
Epoch 85/200, Train Loss: 0.7595, Val Loss: 0.7572, Recon: 0.6876, KL: 0.0719
Epoch 90/200, Train Loss: 0.7575, Val Loss: 0.7651, Recon: 0.6854, KL: 0.0721
Epoch 95/200, Train Loss: 0.7615, Val Loss: 0.7516, Recon: 0.6901, KL: 0.0714
Epoch 100/200, Train Loss: 0.7593, Val Loss: 0.7516, Recon: 0.6855, KL: 0.0738
Epoch 105/200, Train Loss: 0.7599, Val Loss: 0.7522, Recon: 0.6842, KL: 0.0757
Epoch 110/200, Train Loss: 0.7580, Val Loss: 0.7531, Recon: 0.6871, KL: 0.0710
Epoch 115/200, Train Loss: 0.7535, Val Loss: 0.7513, Recon: 0.6819, KL: 0.0715
Epoch 120/200, Train Loss: 0.7558, Val Loss: 0.7514, Recon: 0.6810, KL: 0.0749
Epoch 125/200, Train Loss: 0.7641, Val Loss: 0.7516, Recon: 0.6892, KL: 0.0750
Epoch 130/200, Train Loss: 0.7552, Val Loss: 0.7547, Recon: 0.6827, KL: 0.0726
Epoch 135/200, Train Loss: 0.7584, Val Loss: 0.7518, Recon: 0.6850, KL: 0.0734
Epoch 140/200, Train Loss: 0.7596, Val Loss: 0.7616, Recon: 0.6861, KL: 0.0735
Epoch 145/200, Train Loss: 0.7551, Val Loss: 0.7561, Recon: 0.6832, KL: 0.0719
Epoch 150/200, Train Loss: 0.7543, Val Loss: 0.7577, Recon: 0.6812, KL: 0.0731
Epoch 155/200, Train Loss: 0.7572, Val Loss: 0.7492, Recon: 0.6814, KL: 0.0759
Epoch 160/200, Train Loss: 0.7572, Val Loss: 0.7518, Recon: 0.6840, KL: 0.0732
Epoch 165/200, Train Loss: 0.7547, Val Loss: 0.7583, Recon: 0.6810, KL: 0.0738
Epoch 170/200, Train Loss: 0.7537, Val Loss: 0.7512, Recon: 0.6816, KL: 0.0721
Epoch 175/200, Train Loss: 0.7548, Val Loss: 0.7554, Recon: 0.6806, KL: 0.0742
Epoch 180/200, Train Loss: 0.7566, Val Loss: 0.8188, Recon: 0.6824, KL: 0.0742
Epoch 185/200, Train Loss: 0.7547, Val Loss: 0.7526, Recon: 0.6815, KL: 0.0732
Epoch 190/200, Train Loss: 0.7550, Val Loss: 0.7547, Recon: 0.6821, KL: 0.0729
Epoch 195/200, Train Loss: 0.7547, Val Loss: 0.7558, Recon: 0.6787, KL: 0.0759
Epoch 200/200, Train Loss: 0.7530, Val Loss: 0.7504, Recon: 0.6793, KL: 0.0737
Saved model 12 to /net/data.isilon/ag-cherrmann/lduttenhoefer/project/VAE_model/analysis/TRAINING/norm_results_HC_Vgm_G_T_all_columnwise_20251027_1647/models/bootstrap_model_11.pt
Training bootstrap model 13/100
Training data shape IM MODEL: torch.Size([1560, 1194])
Epoch 1/200, Train Loss: 1.1654, Val Loss: 0.9984, Recon: 1.0123, KL: 0.1531
Epoch 5/200, Train Loss: 1.0102, Val Loss: 0.9662, Recon: 1.0081, KL: 0.0021
Epoch 10/200, Train Loss: 1.0070, Val Loss: 0.9649, Recon: 1.0065, KL: 0.0005
Epoch 15/200, Train Loss: 1.0090, Val Loss: 0.9649, Recon: 1.0088, KL: 0.0002
Epoch 20/200, Train Loss: 1.0067, Val Loss: 0.9647, Recon: 1.0065, KL: 0.0002
Epoch 25/200, Train Loss: 1.0077, Val Loss: 0.9647, Recon: 1.0075, KL: 0.0002
Epoch 30/200, Train Loss: 1.0074, Val Loss: 0.9646, Recon: 1.0072, KL: 0.0001
Epoch 35/200, Train Loss: 1.0066, Val Loss: 0.9650, Recon: 1.0062, KL: 0.0004
Epoch 40/200, Train Loss: 0.8413, Val Loss: 0.8177, Recon: 0.7674, KL: 0.0739
Epoch 45/200, Train Loss: 0.7990, Val Loss: 0.7617, Recon: 0.7232, KL: 0.0758
Epoch 50/200, Train Loss: 0.7814, Val Loss: 0.7615, Recon: 0.7099, KL: 0.0715
Epoch 55/200, Train Loss: 0.7794, Val Loss: 0.7523, Recon: 0.7060, KL: 0.0734
Epoch 60/200, Train Loss: 0.7722, Val Loss: 0.7497, Recon: 0.6989, KL: 0.0732
Epoch 65/200, Train Loss: 0.7751, Val Loss: 0.7567, Recon: 0.7003, KL: 0.0747
Epoch 70/200, Train Loss: 0.7719, Val Loss: 0.7527, Recon: 0.6960, KL: 0.0759
Epoch 75/200, Train Loss: 0.7740, Val Loss: 0.7511, Recon: 0.6994, KL: 0.0745
Epoch 80/200, Train Loss: 0.7717, Val Loss: 0.7526, Recon: 0.6974, KL: 0.0743
Epoch 85/200, Train Loss: 0.7702, Val Loss: 0.7575, Recon: 0.6971, KL: 0.0732
Epoch 90/200, Train Loss: 0.7712, Val Loss: 0.7572, Recon: 0.6961, KL: 0.0751
Epoch 95/200, Train Loss: 0.7704, Val Loss: 0.7475, Recon: 0.6966, KL: 0.0737
Epoch 100/200, Train Loss: 0.7698, Val Loss: 0.7558, Recon: 0.6959, KL: 0.0739
Epoch 105/200, Train Loss: 0.7694, Val Loss: 0.7482, Recon: 0.6945, KL: 0.0749
Epoch 110/200, Train Loss: 0.7682, Val Loss: 0.7586, Recon: 0.6957, KL: 0.0725
Epoch 115/200, Train Loss: 0.7673, Val Loss: 0.7529, Recon: 0.6918, KL: 0.0755
Epoch 120/200, Train Loss: 0.7685, Val Loss: 0.7551, Recon: 0.6943, KL: 0.0742
Epoch 125/200, Train Loss: 0.7676, Val Loss: 0.7541, Recon: 0.6925, KL: 0.0752
Epoch 130/200, Train Loss: 0.7720, Val Loss: 0.7567, Recon: 0.6972, KL: 0.0748
Epoch 135/200, Train Loss: 0.7678, Val Loss: 0.7528, Recon: 0.6915, KL: 0.0763
Epoch 140/200, Train Loss: 0.7650, Val Loss: 0.7492, Recon: 0.6926, KL: 0.0724
Epoch 145/200, Train Loss: 0.7655, Val Loss: 0.7490, Recon: 0.6921, KL: 0.0735
Epoch 150/200, Train Loss: 0.7663, Val Loss: 0.7542, Recon: 0.6914, KL: 0.0749
Epoch 155/200, Train Loss: 0.7667, Val Loss: 0.7522, Recon: 0.6909, KL: 0.0758
Epoch 160/200, Train Loss: 0.7671, Val Loss: 0.7532, Recon: 0.6910, KL: 0.0760
Epoch 165/200, Train Loss: 0.7688, Val Loss: 0.7568, Recon: 0.6924, KL: 0.0764
Epoch 170/200, Train Loss: 0.7656, Val Loss: 0.7550, Recon: 0.6923, KL: 0.0733
Epoch 175/200, Train Loss: 0.7648, Val Loss: 0.7529, Recon: 0.6904, KL: 0.0744
Epoch 180/200, Train Loss: 0.7664, Val Loss: 0.7511, Recon: 0.6923, KL: 0.0741
Epoch 185/200, Train Loss: 0.7629, Val Loss: 0.7526, Recon: 0.6900, KL: 0.0730
Epoch 190/200, Train Loss: 0.7656, Val Loss: 0.7518, Recon: 0.6897, KL: 0.0759
Epoch 195/200, Train Loss: 0.7662, Val Loss: 0.7561, Recon: 0.6911, KL: 0.0751
Epoch 200/200, Train Loss: 0.7631, Val Loss: 0.7537, Recon: 0.6894, KL: 0.0737
Saved model 13 to /net/data.isilon/ag-cherrmann/lduttenhoefer/project/VAE_model/analysis/TRAINING/norm_results_HC_Vgm_G_T_all_columnwise_20251027_1647/models/bootstrap_model_12.pt
Training bootstrap model 14/100
Training data shape IM MODEL: torch.Size([1560, 1194])
Epoch 1/200, Train Loss: 1.2088, Val Loss: 1.0157, Recon: 1.0014, KL: 0.2074
Epoch 5/200, Train Loss: 0.9976, Val Loss: 0.9693, Recon: 0.9928, KL: 0.0048
Epoch 10/200, Train Loss: 0.8553, Val Loss: 0.8224, Recon: 0.7817, KL: 0.0736
Epoch 15/200, Train Loss: 0.7995, Val Loss: 0.7827, Recon: 0.7283, KL: 0.0712
Epoch 20/200, Train Loss: 0.7785, Val Loss: 0.7606, Recon: 0.7066, KL: 0.0719
Epoch 25/200, Train Loss: 0.7674, Val Loss: 0.7556, Recon: 0.6958, KL: 0.0716
Epoch 30/200, Train Loss: 0.7675, Val Loss: 0.7600, Recon: 0.6944, KL: 0.0731
Epoch 35/200, Train Loss: 0.7665, Val Loss: 0.7503, Recon: 0.6927, KL: 0.0738
Epoch 40/200, Train Loss: 0.7631, Val Loss: 0.7572, Recon: 0.6905, KL: 0.0727
Epoch 45/200, Train Loss: 0.7622, Val Loss: 0.7512, Recon: 0.6883, KL: 0.0739
Epoch 50/200, Train Loss: 0.7617, Val Loss: 0.7553, Recon: 0.6893, KL: 0.0724
Epoch 55/200, Train Loss: 0.7600, Val Loss: 0.7538, Recon: 0.6869, KL: 0.0731
Epoch 60/200, Train Loss: 0.7613, Val Loss: 0.7530, Recon: 0.6883, KL: 0.0729
Epoch 65/200, Train Loss: 0.7627, Val Loss: 0.7516, Recon: 0.6888, KL: 0.0739
Epoch 70/200, Train Loss: 0.7605, Val Loss: 0.7524, Recon: 0.6871, KL: 0.0734
Epoch 75/200, Train Loss: 0.7606, Val Loss: 0.7542, Recon: 0.6862, KL: 0.0744
Epoch 80/200, Train Loss: 0.7606, Val Loss: 0.7542, Recon: 0.6859, KL: 0.0747
Epoch 85/200, Train Loss: 0.7629, Val Loss: 0.7590, Recon: 0.6875, KL: 0.0754
Epoch 90/200, Train Loss: 0.7630, Val Loss: 0.7518, Recon: 0.6885, KL: 0.0745
Epoch 95/200, Train Loss: 0.7584, Val Loss: 0.7538, Recon: 0.6851, KL: 0.0733
Epoch 100/200, Train Loss: 0.7593, Val Loss: 0.7541, Recon: 0.6865, KL: 0.0728
Epoch 105/200, Train Loss: 0.7631, Val Loss: 0.7542, Recon: 0.6883, KL: 0.0748
Epoch 110/200, Train Loss: 0.7591, Val Loss: 0.7623, Recon: 0.6837, KL: 0.0753
Epoch 115/200, Train Loss: 0.7575, Val Loss: 0.7500, Recon: 0.6838, KL: 0.0737
Epoch 120/200, Train Loss: 0.7569, Val Loss: 0.7499, Recon: 0.6824, KL: 0.0745
Epoch 125/200, Train Loss: 0.7582, Val Loss: 0.7544, Recon: 0.6841, KL: 0.0741
Epoch 130/200, Train Loss: 0.7554, Val Loss: 0.7546, Recon: 0.6819, KL: 0.0735
Epoch 135/200, Train Loss: 0.7552, Val Loss: 0.7492, Recon: 0.6825, KL: 0.0727
Epoch 140/200, Train Loss: 0.7587, Val Loss: 0.7541, Recon: 0.6849, KL: 0.0738
Epoch 145/200, Train Loss: 0.7568, Val Loss: 0.7549, Recon: 0.6842, KL: 0.0726
Epoch 150/200, Train Loss: 0.7600, Val Loss: 0.7520, Recon: 0.6844, KL: 0.0756
Epoch 155/200, Train Loss: 0.7578, Val Loss: 0.7475, Recon: 0.6826, KL: 0.0752
Epoch 160/200, Train Loss: 0.7610, Val Loss: 0.7532, Recon: 0.6861, KL: 0.0749
Epoch 165/200, Train Loss: 0.7574, Val Loss: 0.7574, Recon: 0.6824, KL: 0.0750
Epoch 170/200, Train Loss: 0.7544, Val Loss: 0.7527, Recon: 0.6812, KL: 0.0732
Epoch 175/200, Train Loss: 0.7594, Val Loss: 0.7510, Recon: 0.6854, KL: 0.0740
Epoch 180/200, Train Loss: 0.7564, Val Loss: 0.7511, Recon: 0.6820, KL: 0.0744
Epoch 185/200, Train Loss: 0.7569, Val Loss: 0.7502, Recon: 0.6821, KL: 0.0748
Epoch 190/200, Train Loss: 0.7540, Val Loss: 0.7554, Recon: 0.6804, KL: 0.0736
Epoch 195/200, Train Loss: 0.7557, Val Loss: 0.7525, Recon: 0.6815, KL: 0.0742
Epoch 200/200, Train Loss: 0.7559, Val Loss: 0.7490, Recon: 0.6806, KL: 0.0753
Saved model 14 to /net/data.isilon/ag-cherrmann/lduttenhoefer/project/VAE_model/analysis/TRAINING/norm_results_HC_Vgm_G_T_all_columnwise_20251027_1647/models/bootstrap_model_13.pt
Training bootstrap model 15/100
Training data shape IM MODEL: torch.Size([1560, 1194])
Epoch 1/200, Train Loss: 1.2447, Val Loss: 1.0217, Recon: 1.0107, KL: 0.2340
Epoch 5/200, Train Loss: 1.0089, Val Loss: 0.9707, Recon: 1.0033, KL: 0.0057
Epoch 10/200, Train Loss: 1.0017, Val Loss: 0.9665, Recon: 1.0005, KL: 0.0012
Epoch 15/200, Train Loss: 1.0005, Val Loss: 0.9657, Recon: 1.0000, KL: 0.0005
Epoch 20/200, Train Loss: 1.0020, Val Loss: 0.9653, Recon: 1.0017, KL: 0.0003
Epoch 25/200, Train Loss: 1.0013, Val Loss: 0.9655, Recon: 1.0010, KL: 0.0003
Epoch 30/200, Train Loss: 0.8576, Val Loss: 0.8186, Recon: 0.7831, KL: 0.0745
Epoch 35/200, Train Loss: 0.8289, Val Loss: 0.8114, Recon: 0.7514, KL: 0.0774
Epoch 40/200, Train Loss: 0.8128, Val Loss: 0.8010, Recon: 0.7354, KL: 0.0774
Epoch 45/200, Train Loss: 0.7822, Val Loss: 0.7668, Recon: 0.7088, KL: 0.0734
Epoch 50/200, Train Loss: 0.7700, Val Loss: 0.7526, Recon: 0.6975, KL: 0.0725
Epoch 55/200, Train Loss: 0.7693, Val Loss: 0.7627, Recon: 0.6945, KL: 0.0748
Epoch 60/200, Train Loss: 0.7662, Val Loss: 0.7529, Recon: 0.6923, KL: 0.0739
Epoch 65/200, Train Loss: 0.7605, Val Loss: 0.7538, Recon: 0.6870, KL: 0.0735
Epoch 70/200, Train Loss: 0.7625, Val Loss: 0.7534, Recon: 0.6890, KL: 0.0736
Epoch 75/200, Train Loss: 0.7606, Val Loss: 0.7513, Recon: 0.6869, KL: 0.0736
Epoch 80/200, Train Loss: 0.7601, Val Loss: 0.7562, Recon: 0.6870, KL: 0.0731
Epoch 85/200, Train Loss: 0.7630, Val Loss: 0.7537, Recon: 0.6864, KL: 0.0766
Epoch 90/200, Train Loss: 0.7599, Val Loss: 0.7504, Recon: 0.6858, KL: 0.0740
Epoch 95/200, Train Loss: 0.7600, Val Loss: 0.7558, Recon: 0.6846, KL: 0.0754
Epoch 100/200, Train Loss: 0.7600, Val Loss: 0.7516, Recon: 0.6852, KL: 0.0747
Epoch 105/200, Train Loss: 0.7598, Val Loss: 0.7517, Recon: 0.6866, KL: 0.0732
Epoch 110/200, Train Loss: 0.7568, Val Loss: 0.7525, Recon: 0.6813, KL: 0.0755
Epoch 115/200, Train Loss: 0.7588, Val Loss: 0.7548, Recon: 0.6843, KL: 0.0744
Epoch 120/200, Train Loss: 0.7572, Val Loss: 0.7530, Recon: 0.6839, KL: 0.0733
Epoch 125/200, Train Loss: 0.7593, Val Loss: 0.7554, Recon: 0.6844, KL: 0.0749
Epoch 130/200, Train Loss: 0.7595, Val Loss: 0.7534, Recon: 0.6845, KL: 0.0750
Epoch 135/200, Train Loss: 0.7571, Val Loss: 0.7535, Recon: 0.6820, KL: 0.0751
Epoch 140/200, Train Loss: 0.7559, Val Loss: 0.7485, Recon: 0.6828, KL: 0.0731
Epoch 145/200, Train Loss: 0.7595, Val Loss: 0.7525, Recon: 0.6828, KL: 0.0767
Epoch 150/200, Train Loss: 0.7590, Val Loss: 0.7541, Recon: 0.6831, KL: 0.0759
Epoch 155/200, Train Loss: 0.7573, Val Loss: 0.7567, Recon: 0.6818, KL: 0.0755
Epoch 160/200, Train Loss: 0.7538, Val Loss: 0.7479, Recon: 0.6798, KL: 0.0740
Epoch 165/200, Train Loss: 0.7570, Val Loss: 0.7513, Recon: 0.6812, KL: 0.0759
Epoch 170/200, Train Loss: 0.7546, Val Loss: 0.7572, Recon: 0.6797, KL: 0.0749
Epoch 175/200, Train Loss: 0.7549, Val Loss: 0.7514, Recon: 0.6798, KL: 0.0750
Epoch 180/200, Train Loss: 0.7549, Val Loss: 0.7562, Recon: 0.6806, KL: 0.0744
Epoch 185/200, Train Loss: 0.7549, Val Loss: 0.7506, Recon: 0.6808, KL: 0.0741
Epoch 190/200, Train Loss: 0.7555, Val Loss: 0.7533, Recon: 0.6799, KL: 0.0756
Epoch 195/200, Train Loss: 0.7552, Val Loss: 0.7532, Recon: 0.6803, KL: 0.0749
Epoch 200/200, Train Loss: 0.7535, Val Loss: 0.7554, Recon: 0.6770, KL: 0.0765
Saved model 15 to /net/data.isilon/ag-cherrmann/lduttenhoefer/project/VAE_model/analysis/TRAINING/norm_results_HC_Vgm_G_T_all_columnwise_20251027_1647/models/bootstrap_model_14.pt
Training bootstrap model 16/100
Training data shape IM MODEL: torch.Size([1560, 1194])
Epoch 1/200, Train Loss: 1.1809, Val Loss: 0.9965, Recon: 1.0212, KL: 0.1597
Epoch 5/200, Train Loss: 1.0170, Val Loss: 0.9665, Recon: 1.0143, KL: 0.0027
Epoch 10/200, Train Loss: 1.0155, Val Loss: 0.9651, Recon: 1.0148, KL: 0.0007
Epoch 15/200, Train Loss: 1.0155, Val Loss: 0.9644, Recon: 1.0151, KL: 0.0004
Epoch 20/200, Train Loss: 1.0136, Val Loss: 0.9645, Recon: 1.0133, KL: 0.0002
Epoch 25/200, Train Loss: 1.0143, Val Loss: 0.9625, Recon: 1.0134, KL: 0.0008
Epoch 30/200, Train Loss: 0.8225, Val Loss: 0.7944, Recon: 0.7471, KL: 0.0754
Epoch 35/200, Train Loss: 0.7789, Val Loss: 0.7684, Recon: 0.7031, KL: 0.0757
Epoch 40/200, Train Loss: 0.7702, Val Loss: 0.7547, Recon: 0.6945, KL: 0.0757
Epoch 45/200, Train Loss: 0.7686, Val Loss: 0.7572, Recon: 0.6925, KL: 0.0761
Epoch 50/200, Train Loss: 0.7703, Val Loss: 0.7559, Recon: 0.6943, KL: 0.0760
Epoch 55/200, Train Loss: 0.7677, Val Loss: 0.7554, Recon: 0.6929, KL: 0.0748
Epoch 60/200, Train Loss: 0.7651, Val Loss: 0.7527, Recon: 0.6889, KL: 0.0762
Epoch 65/200, Train Loss: 0.7664, Val Loss: 0.7511, Recon: 0.6900, KL: 0.0764
Epoch 70/200, Train Loss: 0.7662, Val Loss: 0.7589, Recon: 0.6902, KL: 0.0760
Epoch 75/200, Train Loss: 0.7627, Val Loss: 0.7480, Recon: 0.6876, KL: 0.0751
Epoch 80/200, Train Loss: 0.7637, Val Loss: 0.7553, Recon: 0.6877, KL: 0.0760
Epoch 85/200, Train Loss: 0.7624, Val Loss: 0.7527, Recon: 0.6867, KL: 0.0757
Epoch 90/200, Train Loss: 0.7616, Val Loss: 0.7509, Recon: 0.6871, KL: 0.0746
Epoch 95/200, Train Loss: 0.7619, Val Loss: 0.7578, Recon: 0.6876, KL: 0.0743
Epoch 100/200, Train Loss: 0.7615, Val Loss: 0.7526, Recon: 0.6872, KL: 0.0743
Epoch 105/200, Train Loss: 0.7603, Val Loss: 0.7510, Recon: 0.6854, KL: 0.0749
Epoch 110/200, Train Loss: 0.7602, Val Loss: 0.7545, Recon: 0.6844, KL: 0.0759
Epoch 115/200, Train Loss: 0.7603, Val Loss: 0.7520, Recon: 0.6860, KL: 0.0744
Epoch 120/200, Train Loss: 0.7615, Val Loss: 0.7568, Recon: 0.6853, KL: 0.0762
Epoch 125/200, Train Loss: 0.7621, Val Loss: 0.7505, Recon: 0.6857, KL: 0.0764
Epoch 130/200, Train Loss: 0.7630, Val Loss: 0.7555, Recon: 0.6867, KL: 0.0763
Epoch 135/200, Train Loss: 0.7589, Val Loss: 0.7576, Recon: 0.6834, KL: 0.0755
Epoch 140/200, Train Loss: 0.7580, Val Loss: 0.7551, Recon: 0.6842, KL: 0.0738
Epoch 145/200, Train Loss: 0.7617, Val Loss: 0.7553, Recon: 0.6848, KL: 0.0769
Epoch 150/200, Train Loss: 0.7611, Val Loss: 0.7531, Recon: 0.6848, KL: 0.0763
Epoch 155/200, Train Loss: 0.7575, Val Loss: 0.7519, Recon: 0.6825, KL: 0.0750
Epoch 160/200, Train Loss: 0.7603, Val Loss: 0.7527, Recon: 0.6829, KL: 0.0774
Epoch 165/200, Train Loss: 0.7570, Val Loss: 0.7558, Recon: 0.6821, KL: 0.0749
Epoch 170/200, Train Loss: 0.7598, Val Loss: 0.7535, Recon: 0.6827, KL: 0.0771
Epoch 175/200, Train Loss: 0.7578, Val Loss: 0.7528, Recon: 0.6819, KL: 0.0759
Epoch 180/200, Train Loss: 0.7604, Val Loss: 0.7498, Recon: 0.6836, KL: 0.0768
Epoch 185/200, Train Loss: 0.7579, Val Loss: 0.7511, Recon: 0.6817, KL: 0.0761
Epoch 190/200, Train Loss: 0.7575, Val Loss: 0.7529, Recon: 0.6812, KL: 0.0762
Epoch 195/200, Train Loss: 0.7581, Val Loss: 0.7525, Recon: 0.6825, KL: 0.0756
Epoch 200/200, Train Loss: 0.7595, Val Loss: 0.7490, Recon: 0.6825, KL: 0.0770
Saved model 16 to /net/data.isilon/ag-cherrmann/lduttenhoefer/project/VAE_model/analysis/TRAINING/norm_results_HC_Vgm_G_T_all_columnwise_20251027_1647/models/bootstrap_model_15.pt
Training bootstrap model 17/100
Training data shape IM MODEL: torch.Size([1560, 1194])
Epoch 1/200, Train Loss: 1.1580, Val Loss: 0.9976, Recon: 1.0059, KL: 0.1521
Epoch 5/200, Train Loss: 1.0002, Val Loss: 0.9688, Recon: 0.9971, KL: 0.0030
Epoch 10/200, Train Loss: 0.8979, Val Loss: 0.8262, Recon: 0.8451, KL: 0.0529
Epoch 15/200, Train Loss: 0.8162, Val Loss: 0.7907, Recon: 0.7437, KL: 0.0726
Epoch 20/200, Train Loss: 0.8155, Val Loss: 0.7967, Recon: 0.7361, KL: 0.0793
Epoch 25/200, Train Loss: 0.8027, Val Loss: 0.7867, Recon: 0.7244, KL: 0.0783
Epoch 30/200, Train Loss: 0.7979, Val Loss: 0.7865, Recon: 0.7189, KL: 0.0790
Epoch 35/200, Train Loss: 0.7918, Val Loss: 0.7769, Recon: 0.7137, KL: 0.0782
Epoch 40/200, Train Loss: 0.7855, Val Loss: 0.7699, Recon: 0.7062, KL: 0.0793
Epoch 45/200, Train Loss: 0.7652, Val Loss: 0.7551, Recon: 0.6913, KL: 0.0739
Epoch 50/200, Train Loss: 0.7638, Val Loss: 0.7498, Recon: 0.6898, KL: 0.0740
Epoch 55/200, Train Loss: 0.7637, Val Loss: 0.7479, Recon: 0.6899, KL: 0.0738
Epoch 60/200, Train Loss: 0.7588, Val Loss: 0.7564, Recon: 0.6862, KL: 0.0725
Epoch 65/200, Train Loss: 0.7625, Val Loss: 0.7532, Recon: 0.6887, KL: 0.0738
Epoch 70/200, Train Loss: 0.7566, Val Loss: 0.7547, Recon: 0.6831, KL: 0.0735
Epoch 75/200, Train Loss: 0.7600, Val Loss: 0.7540, Recon: 0.6865, KL: 0.0734
Epoch 80/200, Train Loss: 0.7592, Val Loss: 0.7486, Recon: 0.6856, KL: 0.0736
Epoch 85/200, Train Loss: 0.7602, Val Loss: 0.7527, Recon: 0.6852, KL: 0.0750
Epoch 90/200, Train Loss: 0.7572, Val Loss: 0.7521, Recon: 0.6834, KL: 0.0738
Epoch 95/200, Train Loss: 0.7596, Val Loss: 0.7533, Recon: 0.6849, KL: 0.0747
Epoch 100/200, Train Loss: 0.7569, Val Loss: 0.7549, Recon: 0.6817, KL: 0.0752
Epoch 105/200, Train Loss: 0.7562, Val Loss: 0.7506, Recon: 0.6842, KL: 0.0720
Epoch 110/200, Train Loss: 0.7579, Val Loss: 0.7532, Recon: 0.6832, KL: 0.0747
Epoch 115/200, Train Loss: 0.7582, Val Loss: 0.7518, Recon: 0.6839, KL: 0.0744
Epoch 120/200, Train Loss: 0.7601, Val Loss: 0.7514, Recon: 0.6853, KL: 0.0748
Epoch 125/200, Train Loss: 0.7568, Val Loss: 0.7531, Recon: 0.6811, KL: 0.0757
Epoch 130/200, Train Loss: 0.7581, Val Loss: 0.7494, Recon: 0.6842, KL: 0.0738
Epoch 135/200, Train Loss: 0.7570, Val Loss: 0.7500, Recon: 0.6824, KL: 0.0746
Epoch 140/200, Train Loss: 0.7584, Val Loss: 0.7555, Recon: 0.6834, KL: 0.0750
Epoch 145/200, Train Loss: 0.7567, Val Loss: 0.7507, Recon: 0.6828, KL: 0.0739
Epoch 150/200, Train Loss: 0.7575, Val Loss: 0.7518, Recon: 0.6811, KL: 0.0764
Epoch 155/200, Train Loss: 0.7569, Val Loss: 0.7496, Recon: 0.6826, KL: 0.0743
Epoch 160/200, Train Loss: 0.7585, Val Loss: 0.7588, Recon: 0.6825, KL: 0.0760
Epoch 165/200, Train Loss: 0.7562, Val Loss: 0.7560, Recon: 0.6830, KL: 0.0732
Epoch 170/200, Train Loss: 0.7594, Val Loss: 0.7532, Recon: 0.6845, KL: 0.0749
Epoch 175/200, Train Loss: 0.7555, Val Loss: 0.7526, Recon: 0.6801, KL: 0.0754
Epoch 180/200, Train Loss: 0.7570, Val Loss: 0.7492, Recon: 0.6815, KL: 0.0755
Epoch 185/200, Train Loss: 0.7538, Val Loss: 0.7547, Recon: 0.6810, KL: 0.0729
Epoch 190/200, Train Loss: 0.7590, Val Loss: 0.7542, Recon: 0.6835, KL: 0.0755
Epoch 195/200, Train Loss: 0.7531, Val Loss: 0.7495, Recon: 0.6797, KL: 0.0735
Epoch 200/200, Train Loss: 0.7568, Val Loss: 0.7511, Recon: 0.6810, KL: 0.0758
Saved model 17 to /net/data.isilon/ag-cherrmann/lduttenhoefer/project/VAE_model/analysis/TRAINING/norm_results_HC_Vgm_G_T_all_columnwise_20251027_1647/models/bootstrap_model_16.pt
Training bootstrap model 18/100
Training data shape IM MODEL: torch.Size([1560, 1194])
Epoch 1/200, Train Loss: 1.1990, Val Loss: 1.0058, Recon: 1.0206, KL: 0.1784
Epoch 5/200, Train Loss: 1.0165, Val Loss: 0.9694, Recon: 1.0124, KL: 0.0041
Epoch 10/200, Train Loss: 0.8376, Val Loss: 0.7960, Recon: 0.7606, KL: 0.0770
Epoch 15/200, Train Loss: 0.7948, Val Loss: 0.7686, Recon: 0.7207, KL: 0.0741
Epoch 20/200, Train Loss: 0.7766, Val Loss: 0.7575, Recon: 0.7009, KL: 0.0756
Epoch 25/200, Train Loss: 0.7734, Val Loss: 0.7556, Recon: 0.6977, KL: 0.0757
Epoch 30/200, Train Loss: 0.7691, Val Loss: 0.7557, Recon: 0.6951, KL: 0.0740
Epoch 35/200, Train Loss: 0.7659, Val Loss: 0.7580, Recon: 0.6893, KL: 0.0766
Epoch 40/200, Train Loss: 0.7633, Val Loss: 0.7538, Recon: 0.6883, KL: 0.0750
Epoch 45/200, Train Loss: 0.7646, Val Loss: 0.7536, Recon: 0.6883, KL: 0.0764
Epoch 50/200, Train Loss: 0.7641, Val Loss: 0.7536, Recon: 0.6880, KL: 0.0761
Epoch 55/200, Train Loss: 0.7623, Val Loss: 0.7524, Recon: 0.6846, KL: 0.0777
Epoch 60/200, Train Loss: 0.7599, Val Loss: 0.7527, Recon: 0.6828, KL: 0.0772
Epoch 65/200, Train Loss: 0.7630, Val Loss: 0.7564, Recon: 0.6851, KL: 0.0779
Epoch 70/200, Train Loss: 0.7611, Val Loss: 0.7568, Recon: 0.6850, KL: 0.0761
Epoch 75/200, Train Loss: 0.7595, Val Loss: 0.7618, Recon: 0.6844, KL: 0.0751
Epoch 80/200, Train Loss: 0.7610, Val Loss: 0.7565, Recon: 0.6851, KL: 0.0759
Epoch 85/200, Train Loss: 0.7595, Val Loss: 0.7571, Recon: 0.6839, KL: 0.0756
Epoch 90/200, Train Loss: 0.7579, Val Loss: 0.7506, Recon: 0.6817, KL: 0.0762
Epoch 95/200, Train Loss: 0.7601, Val Loss: 0.7567, Recon: 0.6846, KL: 0.0755
Epoch 100/200, Train Loss: 0.7597, Val Loss: 0.7607, Recon: 0.6817, KL: 0.0780
Epoch 105/200, Train Loss: 0.7572, Val Loss: 0.7581, Recon: 0.6804, KL: 0.0768
Epoch 110/200, Train Loss: 0.7554, Val Loss: 0.7550, Recon: 0.6806, KL: 0.0748
Epoch 115/200, Train Loss: 0.7571, Val Loss: 0.7572, Recon: 0.6817, KL: 0.0755
Epoch 120/200, Train Loss: 0.7571, Val Loss: 0.7497, Recon: 0.6801, KL: 0.0770
Epoch 125/200, Train Loss: 0.7571, Val Loss: 0.7550, Recon: 0.6826, KL: 0.0745
Epoch 130/200, Train Loss: 0.7552, Val Loss: 0.7539, Recon: 0.6788, KL: 0.0764
Epoch 135/200, Train Loss: 0.7565, Val Loss: 0.7537, Recon: 0.6812, KL: 0.0753
Epoch 140/200, Train Loss: 0.7583, Val Loss: 0.7526, Recon: 0.6812, KL: 0.0771
Epoch 145/200, Train Loss: 0.7544, Val Loss: 0.7587, Recon: 0.6790, KL: 0.0753
Epoch 150/200, Train Loss: 0.7550, Val Loss: 0.7572, Recon: 0.6807, KL: 0.0744
Epoch 155/200, Train Loss: 0.7550, Val Loss: 0.7542, Recon: 0.6796, KL: 0.0754
Epoch 160/200, Train Loss: 0.7575, Val Loss: 0.7474, Recon: 0.6795, KL: 0.0780
Epoch 165/200, Train Loss: 0.7558, Val Loss: 0.7530, Recon: 0.6788, KL: 0.0770
Epoch 170/200, Train Loss: 0.7551, Val Loss: 0.7565, Recon: 0.6782, KL: 0.0769
Epoch 175/200, Train Loss: 0.7559, Val Loss: 0.7540, Recon: 0.6795, KL: 0.0763
Epoch 180/200, Train Loss: 0.7549, Val Loss: 0.7532, Recon: 0.6776, KL: 0.0773
Epoch 185/200, Train Loss: 0.7552, Val Loss: 0.7545, Recon: 0.6797, KL: 0.0756
Epoch 190/200, Train Loss: 0.7546, Val Loss: 0.7507, Recon: 0.6780, KL: 0.0766
Epoch 195/200, Train Loss: 0.7534, Val Loss: 0.7555, Recon: 0.6774, KL: 0.0760
Epoch 200/200, Train Loss: 0.7548, Val Loss: 0.7531, Recon: 0.6790, KL: 0.0759
Saved model 18 to /net/data.isilon/ag-cherrmann/lduttenhoefer/project/VAE_model/analysis/TRAINING/norm_results_HC_Vgm_G_T_all_columnwise_20251027_1647/models/bootstrap_model_17.pt
Training bootstrap model 19/100
Training data shape IM MODEL: torch.Size([1560, 1194])
Epoch 1/200, Train Loss: 1.1853, Val Loss: 1.0031, Recon: 0.9976, KL: 0.1877
Epoch 5/200, Train Loss: 0.9949, Val Loss: 0.9663, Recon: 0.9917, KL: 0.0032
Epoch 10/200, Train Loss: 0.9939, Val Loss: 0.9645, Recon: 0.9931, KL: 0.0008
Epoch 15/200, Train Loss: 0.9942, Val Loss: 0.9647, Recon: 0.9939, KL: 0.0004
Epoch 20/200, Train Loss: 0.9909, Val Loss: 0.9640, Recon: 0.9907, KL: 0.0002
Epoch 25/200, Train Loss: 0.9900, Val Loss: 0.9637, Recon: 0.9898, KL: 0.0002
Epoch 30/200, Train Loss: 0.9917, Val Loss: 0.9644, Recon: 0.9916, KL: 0.0002
Epoch 35/200, Train Loss: 0.9927, Val Loss: 0.9632, Recon: 0.9925, KL: 0.0002
Epoch 40/200, Train Loss: 0.9910, Val Loss: 0.9626, Recon: 0.9904, KL: 0.0006
Epoch 45/200, Train Loss: 0.8438, Val Loss: 0.8117, Recon: 0.7667, KL: 0.0771
Epoch 50/200, Train Loss: 0.8313, Val Loss: 0.8020, Recon: 0.7548, KL: 0.0765
Epoch 55/200, Train Loss: 0.8170, Val Loss: 0.8002, Recon: 0.7422, KL: 0.0749
Epoch 60/200, Train Loss: 0.8044, Val Loss: 0.7850, Recon: 0.7287, KL: 0.0757
Epoch 65/200, Train Loss: 0.7830, Val Loss: 0.7611, Recon: 0.7102, KL: 0.0728
Epoch 70/200, Train Loss: 0.7741, Val Loss: 0.7526, Recon: 0.7016, KL: 0.0725
Epoch 75/200, Train Loss: 0.7669, Val Loss: 0.7509, Recon: 0.6951, KL: 0.0718
Epoch 80/200, Train Loss: 0.7669, Val Loss: 0.7575, Recon: 0.6951, KL: 0.0718
Epoch 85/200, Train Loss: 0.7666, Val Loss: 0.7510, Recon: 0.6941, KL: 0.0725
Epoch 90/200, Train Loss: 0.7649, Val Loss: 0.7518, Recon: 0.6902, KL: 0.0747
Epoch 95/200, Train Loss: 0.7635, Val Loss: 0.7525, Recon: 0.6915, KL: 0.0720
Epoch 100/200, Train Loss: 0.7629, Val Loss: 0.7527, Recon: 0.6907, KL: 0.0722
Epoch 105/200, Train Loss: 0.7645, Val Loss: 0.7483, Recon: 0.6919, KL: 0.0725
Epoch 110/200, Train Loss: 0.7645, Val Loss: 0.7511, Recon: 0.6897, KL: 0.0748
Epoch 115/200, Train Loss: 0.7623, Val Loss: 0.7517, Recon: 0.6912, KL: 0.0711
Epoch 120/200, Train Loss: 0.7622, Val Loss: 0.7522, Recon: 0.6882, KL: 0.0740
Epoch 125/200, Train Loss: 0.7638, Val Loss: 0.7520, Recon: 0.6908, KL: 0.0730
Epoch 130/200, Train Loss: 0.7622, Val Loss: 0.7516, Recon: 0.6892, KL: 0.0729
Epoch 135/200, Train Loss: 0.7608, Val Loss: 0.7541, Recon: 0.6887, KL: 0.0722
Epoch 140/200, Train Loss: 0.7643, Val Loss: 0.7546, Recon: 0.6894, KL: 0.0749
Epoch 145/200, Train Loss: 0.7632, Val Loss: 0.7572, Recon: 0.6891, KL: 0.0740
Epoch 150/200, Train Loss: 0.7608, Val Loss: 0.7534, Recon: 0.6864, KL: 0.0744
Epoch 155/200, Train Loss: 0.7592, Val Loss: 0.7516, Recon: 0.6845, KL: 0.0747
Epoch 160/200, Train Loss: 0.7578, Val Loss: 0.7556, Recon: 0.6846, KL: 0.0732
Epoch 165/200, Train Loss: 0.7603, Val Loss: 0.7486, Recon: 0.6860, KL: 0.0743
Epoch 170/200, Train Loss: 0.7591, Val Loss: 0.7534, Recon: 0.6861, KL: 0.0730
Epoch 175/200, Train Loss: 0.7594, Val Loss: 0.7530, Recon: 0.6849, KL: 0.0745
Epoch 180/200, Train Loss: 0.7584, Val Loss: 0.7562, Recon: 0.6847, KL: 0.0738
Epoch 185/200, Train Loss: 0.7607, Val Loss: 0.7529, Recon: 0.6870, KL: 0.0736
Epoch 190/200, Train Loss: 0.7611, Val Loss: 0.7520, Recon: 0.6870, KL: 0.0741
Epoch 195/200, Train Loss: 0.7603, Val Loss: 0.7520, Recon: 0.6857, KL: 0.0747
Epoch 200/200, Train Loss: 0.7598, Val Loss: 0.7485, Recon: 0.6855, KL: 0.0744
Saved model 19 to /net/data.isilon/ag-cherrmann/lduttenhoefer/project/VAE_model/analysis/TRAINING/norm_results_HC_Vgm_G_T_all_columnwise_20251027_1647/models/bootstrap_model_18.pt
Training bootstrap model 20/100
Training data shape IM MODEL: torch.Size([1560, 1194])
Epoch 1/200, Train Loss: 1.1489, Val Loss: 0.9933, Recon: 1.0015, KL: 0.1474
Epoch 5/200, Train Loss: 0.9984, Val Loss: 0.9661, Recon: 0.9962, KL: 0.0022
Epoch 10/200, Train Loss: 0.9961, Val Loss: 0.9652, Recon: 0.9956, KL: 0.0005
Epoch 15/200, Train Loss: 0.9949, Val Loss: 0.9652, Recon: 0.9947, KL: 0.0002
Epoch 20/200, Train Loss: 0.9982, Val Loss: 0.9650, Recon: 0.9980, KL: 0.0002
Epoch 25/200, Train Loss: 0.9964, Val Loss: 0.9649, Recon: 0.9963, KL: 0.0001
Epoch 30/200, Train Loss: 0.9954, Val Loss: 0.9650, Recon: 0.9953, KL: 0.0001
Epoch 35/200, Train Loss: 0.9959, Val Loss: 0.9651, Recon: 0.9958, KL: 0.0001
Epoch 40/200, Train Loss: 0.9952, Val Loss: 0.9650, Recon: 0.9952, KL: 0.0001
Epoch 45/200, Train Loss: 0.9964, Val Loss: 0.9652, Recon: 0.9963, KL: 0.0001
Epoch 50/200, Train Loss: 0.9947, Val Loss: 0.9646, Recon: 0.9946, KL: 0.0001
Epoch 55/200, Train Loss: 0.9966, Val Loss: 0.9650, Recon: 0.9966, KL: 0.0001
Epoch 60/200, Train Loss: 0.9951, Val Loss: 0.9650, Recon: 0.9950, KL: 0.0001
Epoch 65/200, Train Loss: 0.9962, Val Loss: 0.9648, Recon: 0.9961, KL: 0.0000
Epoch 70/200, Train Loss: 0.9966, Val Loss: 0.9649, Recon: 0.9966, KL: 0.0000
Epoch 75/200, Train Loss: 0.8765, Val Loss: 0.8225, Recon: 0.7980, KL: 0.0785
Epoch 80/200, Train Loss: 0.8298, Val Loss: 0.7965, Recon: 0.7597, KL: 0.0702
Epoch 85/200, Train Loss: 0.8132, Val Loss: 0.7804, Recon: 0.7383, KL: 0.0749
Epoch 90/200, Train Loss: 0.7958, Val Loss: 0.7746, Recon: 0.7209, KL: 0.0749
Epoch 95/200, Train Loss: 0.7867, Val Loss: 0.7652, Recon: 0.7148, KL: 0.0719
Epoch 100/200, Train Loss: 0.7808, Val Loss: 0.7536, Recon: 0.7086, KL: 0.0722
Epoch 105/200, Train Loss: 0.7766, Val Loss: 0.7557, Recon: 0.7047, KL: 0.0718
Epoch 110/200, Train Loss: 0.7735, Val Loss: 0.7585, Recon: 0.7013, KL: 0.0722
Epoch 115/200, Train Loss: 0.7724, Val Loss: 0.7499, Recon: 0.7013, KL: 0.0711
Epoch 120/200, Train Loss: 0.7714, Val Loss: 0.7560, Recon: 0.6991, KL: 0.0723
Epoch 125/200, Train Loss: 0.7733, Val Loss: 0.7580, Recon: 0.7002, KL: 0.0731
Epoch 130/200, Train Loss: 0.7741, Val Loss: 0.7531, Recon: 0.7018, KL: 0.0723
Epoch 135/200, Train Loss: 0.7732, Val Loss: 0.7519, Recon: 0.6993, KL: 0.0739
Epoch 140/200, Train Loss: 0.7713, Val Loss: 0.7539, Recon: 0.6992, KL: 0.0721
Epoch 145/200, Train Loss: 0.7739, Val Loss: 0.7497, Recon: 0.6986, KL: 0.0753
Epoch 150/200, Train Loss: 0.7727, Val Loss: 0.7561, Recon: 0.6975, KL: 0.0752
Epoch 155/200, Train Loss: 0.7716, Val Loss: 0.7526, Recon: 0.6991, KL: 0.0725
Epoch 160/200, Train Loss: 0.7721, Val Loss: 0.7589, Recon: 0.6989, KL: 0.0733
Epoch 165/200, Train Loss: 0.7700, Val Loss: 0.7530, Recon: 0.6962, KL: 0.0738
Epoch 170/200, Train Loss: 0.7687, Val Loss: 0.7549, Recon: 0.6967, KL: 0.0720
Epoch 175/200, Train Loss: 0.7725, Val Loss: 0.7564, Recon: 0.6991, KL: 0.0734
Epoch 180/200, Train Loss: 0.7698, Val Loss: 0.7508, Recon: 0.6961, KL: 0.0738
Epoch 185/200, Train Loss: 0.7690, Val Loss: 0.7521, Recon: 0.6969, KL: 0.0721
Epoch 190/200, Train Loss: 0.7704, Val Loss: 0.7512, Recon: 0.6974, KL: 0.0730
Epoch 195/200, Train Loss: 0.7684, Val Loss: 0.7537, Recon: 0.6966, KL: 0.0718
Epoch 200/200, Train Loss: 0.7710, Val Loss: 0.7542, Recon: 0.6977, KL: 0.0733
Saved model 20 to /net/data.isilon/ag-cherrmann/lduttenhoefer/project/VAE_model/analysis/TRAINING/norm_results_HC_Vgm_G_T_all_columnwise_20251027_1647/models/bootstrap_model_19.pt
Training bootstrap model 21/100
Training data shape IM MODEL: torch.Size([1560, 1194])
Epoch 1/200, Train Loss: 1.1463, Val Loss: 0.9932, Recon: 1.0052, KL: 0.1412
Epoch 5/200, Train Loss: 1.0009, Val Loss: 0.9672, Recon: 0.9979, KL: 0.0029
Epoch 10/200, Train Loss: 0.8324, Val Loss: 0.8086, Recon: 0.7577, KL: 0.0747
Epoch 15/200, Train Loss: 0.8181, Val Loss: 0.7892, Recon: 0.7445, KL: 0.0736
Epoch 20/200, Train Loss: 0.8012, Val Loss: 0.7784, Recon: 0.7255, KL: 0.0757
Epoch 25/200, Train Loss: 0.7789, Val Loss: 0.7585, Recon: 0.7048, KL: 0.0741
Epoch 30/200, Train Loss: 0.7700, Val Loss: 0.7551, Recon: 0.6955, KL: 0.0745
Epoch 35/200, Train Loss: 0.7633, Val Loss: 0.7547, Recon: 0.6891, KL: 0.0741
Epoch 40/200, Train Loss: 0.7609, Val Loss: 0.7567, Recon: 0.6875, KL: 0.0734
Epoch 45/200, Train Loss: 0.7638, Val Loss: 0.7526, Recon: 0.6897, KL: 0.0741
Epoch 50/200, Train Loss: 0.7630, Val Loss: 0.7490, Recon: 0.6895, KL: 0.0735
Epoch 55/200, Train Loss: 0.7589, Val Loss: 0.7550, Recon: 0.6859, KL: 0.0729
Epoch 60/200, Train Loss: 0.7619, Val Loss: 0.7528, Recon: 0.6877, KL: 0.0741
Epoch 65/200, Train Loss: 0.7594, Val Loss: 0.7540, Recon: 0.6853, KL: 0.0741
Epoch 70/200, Train Loss: 0.7593, Val Loss: 0.7540, Recon: 0.6853, KL: 0.0739
Epoch 75/200, Train Loss: 0.7598, Val Loss: 0.7514, Recon: 0.6862, KL: 0.0736
Epoch 80/200, Train Loss: 0.7602, Val Loss: 0.7507, Recon: 0.6860, KL: 0.0742
Epoch 85/200, Train Loss: 0.7604, Val Loss: 0.7509, Recon: 0.6844, KL: 0.0760
Epoch 90/200, Train Loss: 0.7569, Val Loss: 0.7531, Recon: 0.6840, KL: 0.0729
Epoch 95/200, Train Loss: 0.7577, Val Loss: 0.7524, Recon: 0.6835, KL: 0.0742
Epoch 100/200, Train Loss: 0.7590, Val Loss: 0.7507, Recon: 0.6841, KL: 0.0750
Epoch 105/200, Train Loss: 0.7598, Val Loss: 0.7517, Recon: 0.6841, KL: 0.0757
Epoch 110/200, Train Loss: 0.7581, Val Loss: 0.7524, Recon: 0.6824, KL: 0.0757
Epoch 115/200, Train Loss: 0.7618, Val Loss: 0.7489, Recon: 0.6844, KL: 0.0773
Epoch 120/200, Train Loss: 0.7579, Val Loss: 0.7496, Recon: 0.6827, KL: 0.0752
Epoch 125/200, Train Loss: 0.7579, Val Loss: 0.7489, Recon: 0.6831, KL: 0.0748
Epoch 130/200, Train Loss: 0.7604, Val Loss: 0.7513, Recon: 0.6852, KL: 0.0752
Epoch 135/200, Train Loss: 0.7573, Val Loss: 0.7516, Recon: 0.6843, KL: 0.0731
Epoch 140/200, Train Loss: 0.7565, Val Loss: 0.7539, Recon: 0.6817, KL: 0.0748
Epoch 145/200, Train Loss: 0.7572, Val Loss: 0.7482, Recon: 0.6821, KL: 0.0750
Epoch 150/200, Train Loss: 0.7585, Val Loss: 0.7510, Recon: 0.6835, KL: 0.0750
Epoch 155/200, Train Loss: 0.7548, Val Loss: 0.7532, Recon: 0.6812, KL: 0.0736
Epoch 160/200, Train Loss: 0.7539, Val Loss: 0.7519, Recon: 0.6801, KL: 0.0738
Epoch 165/200, Train Loss: 0.7547, Val Loss: 0.7536, Recon: 0.6810, KL: 0.0737
Epoch 170/200, Train Loss: 0.7545, Val Loss: 0.7515, Recon: 0.6801, KL: 0.0744
Epoch 175/200, Train Loss: 0.7559, Val Loss: 0.7529, Recon: 0.6819, KL: 0.0740
Epoch 180/200, Train Loss: 0.7532, Val Loss: 0.7519, Recon: 0.6800, KL: 0.0732
Epoch 185/200, Train Loss: 0.7556, Val Loss: 0.7535, Recon: 0.6800, KL: 0.0756
Epoch 190/200, Train Loss: 0.7541, Val Loss: 0.7502, Recon: 0.6808, KL: 0.0733
Epoch 195/200, Train Loss: 0.7544, Val Loss: 0.7534, Recon: 0.6796, KL: 0.0748
Epoch 200/200, Train Loss: 0.7544, Val Loss: 0.7526, Recon: 0.6796, KL: 0.0748
Saved model 21 to /net/data.isilon/ag-cherrmann/lduttenhoefer/project/VAE_model/analysis/TRAINING/norm_results_HC_Vgm_G_T_all_columnwise_20251027_1647/models/bootstrap_model_20.pt
Training bootstrap model 22/100
Training data shape IM MODEL: torch.Size([1560, 1194])
Epoch 1/200, Train Loss: 1.1738, Val Loss: 0.9984, Recon: 1.0037, KL: 0.1701
Epoch 5/200, Train Loss: 0.9954, Val Loss: 0.9660, Recon: 0.9928, KL: 0.0025
Epoch 10/200, Train Loss: 0.9932, Val Loss: 0.9649, Recon: 0.9926, KL: 0.0006
Epoch 15/200, Train Loss: 0.9922, Val Loss: 0.9648, Recon: 0.9919, KL: 0.0003
Epoch 20/200, Train Loss: 0.9941, Val Loss: 0.9650, Recon: 0.9939, KL: 0.0002
Epoch 25/200, Train Loss: 0.9919, Val Loss: 0.9646, Recon: 0.9917, KL: 0.0002
Epoch 30/200, Train Loss: 0.9936, Val Loss: 0.9644, Recon: 0.9933, KL: 0.0003
Epoch 35/200, Train Loss: 0.8226, Val Loss: 0.7981, Recon: 0.7487, KL: 0.0739
Epoch 40/200, Train Loss: 0.7784, Val Loss: 0.7609, Recon: 0.7070, KL: 0.0715
Epoch 45/200, Train Loss: 0.7712, Val Loss: 0.7577, Recon: 0.6987, KL: 0.0725
Epoch 50/200, Train Loss: 0.7655, Val Loss: 0.7515, Recon: 0.6938, KL: 0.0717
Epoch 55/200, Train Loss: 0.7677, Val Loss: 0.7535, Recon: 0.6954, KL: 0.0723
Epoch 60/200, Train Loss: 0.7640, Val Loss: 0.7549, Recon: 0.6891, KL: 0.0749
Epoch 65/200, Train Loss: 0.7624, Val Loss: 0.7502, Recon: 0.6888, KL: 0.0737
Epoch 70/200, Train Loss: 0.7638, Val Loss: 0.7493, Recon: 0.6887, KL: 0.0752
Epoch 75/200, Train Loss: 0.7613, Val Loss: 0.7516, Recon: 0.6859, KL: 0.0754
Epoch 80/200, Train Loss: 0.7595, Val Loss: 0.7502, Recon: 0.6870, KL: 0.0725
Epoch 85/200, Train Loss: 0.7638, Val Loss: 0.7493, Recon: 0.6891, KL: 0.0747
Epoch 90/200, Train Loss: 0.7581, Val Loss: 0.7508, Recon: 0.6853, KL: 0.0728
Epoch 95/200, Train Loss: 0.7610, Val Loss: 0.7478, Recon: 0.6882, KL: 0.0728
Epoch 100/200, Train Loss: 0.7626, Val Loss: 0.7522, Recon: 0.6876, KL: 0.0750
Epoch 105/200, Train Loss: 0.7593, Val Loss: 0.7562, Recon: 0.6849, KL: 0.0744
Epoch 110/200, Train Loss: 0.7606, Val Loss: 0.7517, Recon: 0.6858, KL: 0.0748
Epoch 115/200, Train Loss: 0.7593, Val Loss: 0.7494, Recon: 0.6858, KL: 0.0735
Epoch 120/200, Train Loss: 0.7623, Val Loss: 0.7531, Recon: 0.6885, KL: 0.0738
Epoch 125/200, Train Loss: 0.7575, Val Loss: 0.7571, Recon: 0.6841, KL: 0.0733
Epoch 130/200, Train Loss: 0.7602, Val Loss: 0.7536, Recon: 0.6849, KL: 0.0754
Epoch 135/200, Train Loss: 0.7586, Val Loss: 0.7549, Recon: 0.6825, KL: 0.0761
Epoch 140/200, Train Loss: 0.7592, Val Loss: 0.7464, Recon: 0.6851, KL: 0.0741
Epoch 145/200, Train Loss: 0.7561, Val Loss: 0.7505, Recon: 0.6829, KL: 0.0732
Epoch 150/200, Train Loss: 0.7589, Val Loss: 0.7577, Recon: 0.6848, KL: 0.0741
Epoch 155/200, Train Loss: 0.7584, Val Loss: 0.7493, Recon: 0.6852, KL: 0.0731
Epoch 160/200, Train Loss: 0.7585, Val Loss: 0.7511, Recon: 0.6837, KL: 0.0748
Epoch 165/200, Train Loss: 0.7570, Val Loss: 0.7544, Recon: 0.6824, KL: 0.0746
Epoch 170/200, Train Loss: 0.7570, Val Loss: 0.7497, Recon: 0.6808, KL: 0.0763
Epoch 175/200, Train Loss: 0.7555, Val Loss: 0.7524, Recon: 0.6818, KL: 0.0737
Epoch 180/200, Train Loss: 0.7546, Val Loss: 0.7540, Recon: 0.6827, KL: 0.0719
Epoch 185/200, Train Loss: 0.7559, Val Loss: 0.7501, Recon: 0.6802, KL: 0.0758
Epoch 190/200, Train Loss: 0.7555, Val Loss: 0.7588, Recon: 0.6807, KL: 0.0748
Epoch 195/200, Train Loss: 0.7585, Val Loss: 0.7514, Recon: 0.6839, KL: 0.0746
Epoch 200/200, Train Loss: 0.7534, Val Loss: 0.7498, Recon: 0.6800, KL: 0.0734
Saved model 22 to /net/data.isilon/ag-cherrmann/lduttenhoefer/project/VAE_model/analysis/TRAINING/norm_results_HC_Vgm_G_T_all_columnwise_20251027_1647/models/bootstrap_model_21.pt
Training bootstrap model 23/100
Training data shape IM MODEL: torch.Size([1560, 1194])
Epoch 1/200, Train Loss: 1.1545, Val Loss: 0.9923, Recon: 1.0197, KL: 0.1348
Epoch 5/200, Train Loss: 1.0138, Val Loss: 0.9657, Recon: 1.0118, KL: 0.0020
Epoch 10/200, Train Loss: 1.0115, Val Loss: 0.9644, Recon: 1.0110, KL: 0.0005
Epoch 15/200, Train Loss: 1.0124, Val Loss: 0.9655, Recon: 1.0121, KL: 0.0003
Epoch 20/200, Train Loss: 0.9004, Val Loss: 0.8246, Recon: 0.8275, KL: 0.0728
Epoch 25/200, Train Loss: 0.8410, Val Loss: 0.8231, Recon: 0.7616, KL: 0.0794
Epoch 30/200, Train Loss: 0.8194, Val Loss: 0.7930, Recon: 0.7411, KL: 0.0783
Epoch 35/200, Train Loss: 0.7794, Val Loss: 0.7686, Recon: 0.7061, KL: 0.0733
Epoch 40/200, Train Loss: 0.7752, Val Loss: 0.7568, Recon: 0.7013, KL: 0.0739
Epoch 45/200, Train Loss: 0.7698, Val Loss: 0.7556, Recon: 0.6944, KL: 0.0753
Epoch 50/200, Train Loss: 0.7708, Val Loss: 0.7561, Recon: 0.6949, KL: 0.0759
Epoch 55/200, Train Loss: 0.7666, Val Loss: 0.7572, Recon: 0.6925, KL: 0.0742
Epoch 60/200, Train Loss: 0.7688, Val Loss: 0.7562, Recon: 0.6933, KL: 0.0755
Epoch 65/200, Train Loss: 0.7717, Val Loss: 0.7478, Recon: 0.6950, KL: 0.0767
Epoch 70/200, Train Loss: 0.7681, Val Loss: 0.7520, Recon: 0.6920, KL: 0.0762
Epoch 75/200, Train Loss: 0.7677, Val Loss: 0.7520, Recon: 0.6929, KL: 0.0748
Epoch 80/200, Train Loss: 0.7681, Val Loss: 0.7507, Recon: 0.6928, KL: 0.0753
Epoch 85/200, Train Loss: 0.7648, Val Loss: 0.7552, Recon: 0.6903, KL: 0.0745
Epoch 90/200, Train Loss: 0.7660, Val Loss: 0.7510, Recon: 0.6905, KL: 0.0755
Epoch 95/200, Train Loss: 0.7666, Val Loss: 0.7535, Recon: 0.6913, KL: 0.0753
Epoch 100/200, Train Loss: 0.7671, Val Loss: 0.7506, Recon: 0.6910, KL: 0.0762
Epoch 105/200, Train Loss: 0.7654, Val Loss: 0.7532, Recon: 0.6884, KL: 0.0770
Epoch 110/200, Train Loss: 0.7631, Val Loss: 0.7555, Recon: 0.6888, KL: 0.0743
Epoch 115/200, Train Loss: 0.7661, Val Loss: 0.7550, Recon: 0.6889, KL: 0.0771
Epoch 120/200, Train Loss: 0.7664, Val Loss: 0.7562, Recon: 0.6897, KL: 0.0767
Epoch 125/200, Train Loss: 0.7620, Val Loss: 0.7555, Recon: 0.6866, KL: 0.0754
Epoch 130/200, Train Loss: 0.7639, Val Loss: 0.7541, Recon: 0.6882, KL: 0.0757
Epoch 135/200, Train Loss: 0.7612, Val Loss: 0.7560, Recon: 0.6872, KL: 0.0740
Epoch 140/200, Train Loss: 0.7652, Val Loss: 0.7564, Recon: 0.6895, KL: 0.0757
Epoch 145/200, Train Loss: 0.7605, Val Loss: 0.7558, Recon: 0.6864, KL: 0.0742
Epoch 150/200, Train Loss: 0.7594, Val Loss: 0.7511, Recon: 0.6859, KL: 0.0735
Epoch 155/200, Train Loss: 0.7623, Val Loss: 0.7539, Recon: 0.6870, KL: 0.0753
Epoch 160/200, Train Loss: 0.7614, Val Loss: 0.7528, Recon: 0.6858, KL: 0.0756
Epoch 165/200, Train Loss: 0.7610, Val Loss: 0.7566, Recon: 0.6857, KL: 0.0753
Epoch 170/200, Train Loss: 0.7603, Val Loss: 0.7531, Recon: 0.6856, KL: 0.0747
Epoch 175/200, Train Loss: 0.7604, Val Loss: 0.7508, Recon: 0.6842, KL: 0.0761
Epoch 180/200, Train Loss: 0.7635, Val Loss: 0.7507, Recon: 0.6871, KL: 0.0764
Epoch 185/200, Train Loss: 0.7645, Val Loss: 0.7565, Recon: 0.6874, KL: 0.0771
Epoch 190/200, Train Loss: 0.7622, Val Loss: 0.7505, Recon: 0.6843, KL: 0.0779
Epoch 195/200, Train Loss: 0.7604, Val Loss: 0.7566, Recon: 0.6844, KL: 0.0760
Epoch 200/200, Train Loss: 0.7616, Val Loss: 0.7560, Recon: 0.6860, KL: 0.0756
Saved model 23 to /net/data.isilon/ag-cherrmann/lduttenhoefer/project/VAE_model/analysis/TRAINING/norm_results_HC_Vgm_G_T_all_columnwise_20251027_1647/models/bootstrap_model_22.pt
Training bootstrap model 24/100
Training data shape IM MODEL: torch.Size([1560, 1194])
Epoch 1/200, Train Loss: 1.1994, Val Loss: 1.0045, Recon: 1.0075, KL: 0.1919
Epoch 5/200, Train Loss: 1.0025, Val Loss: 0.9699, Recon: 0.9986, KL: 0.0039
Epoch 10/200, Train Loss: 0.8318, Val Loss: 0.8005, Recon: 0.7597, KL: 0.0721
Epoch 15/200, Train Loss: 0.8161, Val Loss: 0.7993, Recon: 0.7419, KL: 0.0742
Epoch 20/200, Train Loss: 0.7845, Val Loss: 0.7648, Recon: 0.7121, KL: 0.0725
Epoch 25/200, Train Loss: 0.7710, Val Loss: 0.7586, Recon: 0.6982, KL: 0.0729
Epoch 30/200, Train Loss: 0.7678, Val Loss: 0.7548, Recon: 0.6926, KL: 0.0752
Epoch 35/200, Train Loss: 0.7724, Val Loss: 0.7515, Recon: 0.6954, KL: 0.0770
Epoch 40/200, Train Loss: 0.7672, Val Loss: 0.7522, Recon: 0.6923, KL: 0.0749
Epoch 45/200, Train Loss: 0.7659, Val Loss: 0.7563, Recon: 0.6924, KL: 0.0735
Epoch 50/200, Train Loss: 0.7669, Val Loss: 0.7531, Recon: 0.6933, KL: 0.0736
Epoch 55/200, Train Loss: 0.7657, Val Loss: 0.7516, Recon: 0.6928, KL: 0.0729
Epoch 60/200, Train Loss: 0.7653, Val Loss: 0.7545, Recon: 0.6915, KL: 0.0739
Epoch 65/200, Train Loss: 0.7646, Val Loss: 0.7523, Recon: 0.6901, KL: 0.0744
Epoch 70/200, Train Loss: 0.7667, Val Loss: 0.7504, Recon: 0.6925, KL: 0.0741
Epoch 75/200, Train Loss: 0.7669, Val Loss: 0.7563, Recon: 0.6902, KL: 0.0767
Epoch 80/200, Train Loss: 0.7625, Val Loss: 0.7542, Recon: 0.6904, KL: 0.0720
Epoch 85/200, Train Loss: 0.7642, Val Loss: 0.7522, Recon: 0.6890, KL: 0.0752
Epoch 90/200, Train Loss: 0.7637, Val Loss: 0.7524, Recon: 0.6903, KL: 0.0734
Epoch 95/200, Train Loss: 0.7613, Val Loss: 0.7583, Recon: 0.6883, KL: 0.0730
Epoch 100/200, Train Loss: 0.7637, Val Loss: 0.7522, Recon: 0.6889, KL: 0.0748
Epoch 105/200, Train Loss: 0.7617, Val Loss: 0.7480, Recon: 0.6893, KL: 0.0724
Epoch 110/200, Train Loss: 0.7640, Val Loss: 0.7496, Recon: 0.6888, KL: 0.0751
Epoch 115/200, Train Loss: 0.7616, Val Loss: 0.7540, Recon: 0.6878, KL: 0.0738
Epoch 120/200, Train Loss: 0.7617, Val Loss: 0.7503, Recon: 0.6873, KL: 0.0743
Epoch 125/200, Train Loss: 0.7635, Val Loss: 0.7527, Recon: 0.6894, KL: 0.0742
Epoch 130/200, Train Loss: 0.7639, Val Loss: 0.7507, Recon: 0.6886, KL: 0.0753
Epoch 135/200, Train Loss: 0.7631, Val Loss: 0.7540, Recon: 0.6881, KL: 0.0750
Epoch 140/200, Train Loss: 0.7616, Val Loss: 0.7563, Recon: 0.6883, KL: 0.0733
Epoch 145/200, Train Loss: 0.7593, Val Loss: 0.7539, Recon: 0.6859, KL: 0.0735
Epoch 150/200, Train Loss: 0.7607, Val Loss: 0.7550, Recon: 0.6865, KL: 0.0742
Epoch 155/200, Train Loss: 0.7606, Val Loss: 0.7501, Recon: 0.6855, KL: 0.0751
Epoch 160/200, Train Loss: 0.7613, Val Loss: 0.7470, Recon: 0.6865, KL: 0.0748
Epoch 165/200, Train Loss: 0.7644, Val Loss: 0.7523, Recon: 0.6888, KL: 0.0756
Epoch 170/200, Train Loss: 0.7589, Val Loss: 0.7507, Recon: 0.6860, KL: 0.0729
Epoch 175/200, Train Loss: 0.7581, Val Loss: 0.7572, Recon: 0.6853, KL: 0.0728
Epoch 180/200, Train Loss: 0.7600, Val Loss: 0.7527, Recon: 0.6863, KL: 0.0737
Epoch 185/200, Train Loss: 0.7590, Val Loss: 0.7516, Recon: 0.6849, KL: 0.0741
Epoch 190/200, Train Loss: 0.7611, Val Loss: 0.7546, Recon: 0.6856, KL: 0.0755
Epoch 195/200, Train Loss: 0.7574, Val Loss: 0.7500, Recon: 0.6845, KL: 0.0729
Epoch 200/200, Train Loss: 0.7608, Val Loss: 0.7504, Recon: 0.6861, KL: 0.0748
Saved model 24 to /net/data.isilon/ag-cherrmann/lduttenhoefer/project/VAE_model/analysis/TRAINING/norm_results_HC_Vgm_G_T_all_columnwise_20251027_1647/models/bootstrap_model_23.pt
Training bootstrap model 25/100
Training data shape IM MODEL: torch.Size([1560, 1194])
Epoch 1/200, Train Loss: 1.2190, Val Loss: 1.0142, Recon: 1.0150, KL: 0.2040
Epoch 5/200, Train Loss: 1.0143, Val Loss: 0.9694, Recon: 1.0104, KL: 0.0039
Epoch 10/200, Train Loss: 1.0090, Val Loss: 0.9668, Recon: 1.0079, KL: 0.0010
Epoch 15/200, Train Loss: 0.9924, Val Loss: 0.8781, Recon: 0.9817, KL: 0.0107
Epoch 20/200, Train Loss: 0.8296, Val Loss: 0.7925, Recon: 0.7516, KL: 0.0779
Epoch 25/200, Train Loss: 0.7970, Val Loss: 0.7792, Recon: 0.7187, KL: 0.0783
Epoch 30/200, Train Loss: 0.7737, Val Loss: 0.7590, Recon: 0.6986, KL: 0.0751
Epoch 35/200, Train Loss: 0.7695, Val Loss: 0.7512, Recon: 0.6941, KL: 0.0754
Epoch 40/200, Train Loss: 0.7691, Val Loss: 0.7589, Recon: 0.6928, KL: 0.0763
Epoch 45/200, Train Loss: 0.7660, Val Loss: 0.7584, Recon: 0.6909, KL: 0.0751
Epoch 50/200, Train Loss: 0.7682, Val Loss: 0.7576, Recon: 0.6932, KL: 0.0750
Epoch 55/200, Train Loss: 0.7661, Val Loss: 0.7532, Recon: 0.6909, KL: 0.0751
Epoch 60/200, Train Loss: 0.7644, Val Loss: 0.7532, Recon: 0.6899, KL: 0.0746
Epoch 65/200, Train Loss: 0.7676, Val Loss: 0.7502, Recon: 0.6908, KL: 0.0768
Epoch 70/200, Train Loss: 0.7643, Val Loss: 0.7602, Recon: 0.6890, KL: 0.0753
Epoch 75/200, Train Loss: 0.7646, Val Loss: 0.7523, Recon: 0.6893, KL: 0.0753
Epoch 80/200, Train Loss: 0.7676, Val Loss: 0.7544, Recon: 0.6909, KL: 0.0768
Epoch 85/200, Train Loss: 0.7638, Val Loss: 0.7499, Recon: 0.6887, KL: 0.0751
Epoch 90/200, Train Loss: 0.7621, Val Loss: 0.7493, Recon: 0.6878, KL: 0.0743
Epoch 95/200, Train Loss: 0.7622, Val Loss: 0.7554, Recon: 0.6885, KL: 0.0737
Epoch 100/200, Train Loss: 0.7635, Val Loss: 0.7494, Recon: 0.6875, KL: 0.0760
Epoch 105/200, Train Loss: 0.7633, Val Loss: 0.7564, Recon: 0.6879, KL: 0.0754
Epoch 110/200, Train Loss: 0.7628, Val Loss: 0.7520, Recon: 0.6881, KL: 0.0747
Epoch 115/200, Train Loss: 0.7616, Val Loss: 0.7543, Recon: 0.6862, KL: 0.0754
Epoch 120/200, Train Loss: 0.7627, Val Loss: 0.7544, Recon: 0.6870, KL: 0.0758
Epoch 125/200, Train Loss: 0.7608, Val Loss: 0.7566, Recon: 0.6872, KL: 0.0736
Epoch 130/200, Train Loss: 0.7644, Val Loss: 0.7518, Recon: 0.6887, KL: 0.0757
Epoch 135/200, Train Loss: 0.7580, Val Loss: 0.7572, Recon: 0.6850, KL: 0.0731
Epoch 140/200, Train Loss: 0.7635, Val Loss: 0.7514, Recon: 0.6878, KL: 0.0757
Epoch 145/200, Train Loss: 0.7632, Val Loss: 0.7552, Recon: 0.6873, KL: 0.0759
Epoch 150/200, Train Loss: 0.7617, Val Loss: 0.7544, Recon: 0.6864, KL: 0.0753
Epoch 155/200, Train Loss: 0.7633, Val Loss: 0.7518, Recon: 0.6872, KL: 0.0761
Epoch 160/200, Train Loss: 0.7606, Val Loss: 0.7585, Recon: 0.6864, KL: 0.0742
Epoch 165/200, Train Loss: 0.7615, Val Loss: 0.7543, Recon: 0.6860, KL: 0.0756
Epoch 170/200, Train Loss: 0.7613, Val Loss: 0.7557, Recon: 0.6857, KL: 0.0755
Epoch 175/200, Train Loss: 0.7626, Val Loss: 0.7517, Recon: 0.6869, KL: 0.0756
Epoch 180/200, Train Loss: 0.7623, Val Loss: 0.7567, Recon: 0.6869, KL: 0.0754
Epoch 185/200, Train Loss: 0.7603, Val Loss: 0.7564, Recon: 0.6851, KL: 0.0752
Epoch 190/200, Train Loss: 0.7622, Val Loss: 0.7543, Recon: 0.6859, KL: 0.0763
Epoch 195/200, Train Loss: 0.7612, Val Loss: 0.7532, Recon: 0.6863, KL: 0.0749
Epoch 200/200, Train Loss: 0.7598, Val Loss: 0.7562, Recon: 0.6847, KL: 0.0751
Saved model 25 to /net/data.isilon/ag-cherrmann/lduttenhoefer/project/VAE_model/analysis/TRAINING/norm_results_HC_Vgm_G_T_all_columnwise_20251027_1647/models/bootstrap_model_24.pt
Training bootstrap model 26/100
Training data shape IM MODEL: torch.Size([1560, 1194])
Epoch 1/200, Train Loss: 1.2408, Val Loss: 1.0119, Recon: 1.0246, KL: 0.2162
Epoch 5/200, Train Loss: 1.0210, Val Loss: 0.9678, Recon: 1.0162, KL: 0.0048
Epoch 10/200, Train Loss: 1.0157, Val Loss: 0.9651, Recon: 1.0149, KL: 0.0009
Epoch 15/200, Train Loss: 1.0159, Val Loss: 0.9646, Recon: 1.0156, KL: 0.0003
Epoch 20/200, Train Loss: 1.0149, Val Loss: 0.9641, Recon: 1.0146, KL: 0.0003
Epoch 25/200, Train Loss: 1.0152, Val Loss: 0.9637, Recon: 1.0149, KL: 0.0003
Epoch 30/200, Train Loss: 0.8453, Val Loss: 0.8234, Recon: 0.7697, KL: 0.0756
Epoch 35/200, Train Loss: 0.8326, Val Loss: 0.8135, Recon: 0.7539, KL: 0.0787
Epoch 40/200, Train Loss: 0.8206, Val Loss: 0.7922, Recon: 0.7425, KL: 0.0781
Epoch 45/200, Train Loss: 0.8025, Val Loss: 0.7789, Recon: 0.7246, KL: 0.0779
Epoch 50/200, Train Loss: 0.7989, Val Loss: 0.7814, Recon: 0.7185, KL: 0.0803
Epoch 55/200, Train Loss: 0.7883, Val Loss: 0.7695, Recon: 0.7090, KL: 0.0793
Epoch 60/200, Train Loss: 0.7709, Val Loss: 0.7556, Recon: 0.6957, KL: 0.0752
Epoch 65/200, Train Loss: 0.7681, Val Loss: 0.7527, Recon: 0.6926, KL: 0.0755
Epoch 70/200, Train Loss: 0.7639, Val Loss: 0.7533, Recon: 0.6889, KL: 0.0750
Epoch 75/200, Train Loss: 0.7654, Val Loss: 0.7486, Recon: 0.6908, KL: 0.0747
Epoch 80/200, Train Loss: 0.7638, Val Loss: 0.7549, Recon: 0.6898, KL: 0.0740
Epoch 85/200, Train Loss: 0.7667, Val Loss: 0.7555, Recon: 0.6893, KL: 0.0774
Epoch 90/200, Train Loss: 0.7669, Val Loss: 0.7538, Recon: 0.6917, KL: 0.0752
Epoch 95/200, Train Loss: 0.7656, Val Loss: 0.7495, Recon: 0.6902, KL: 0.0754
Epoch 100/200, Train Loss: 0.7654, Val Loss: 0.7510, Recon: 0.6894, KL: 0.0760
Epoch 105/200, Train Loss: 0.7637, Val Loss: 0.7529, Recon: 0.6870, KL: 0.0767
Epoch 110/200, Train Loss: 0.7620, Val Loss: 0.7509, Recon: 0.6861, KL: 0.0759
Epoch 115/200, Train Loss: 0.7664, Val Loss: 0.7491, Recon: 0.6881, KL: 0.0784
Epoch 120/200, Train Loss: 0.7639, Val Loss: 0.7528, Recon: 0.6889, KL: 0.0749
Epoch 125/200, Train Loss: 0.7663, Val Loss: 0.7495, Recon: 0.6885, KL: 0.0779
Epoch 130/200, Train Loss: 0.7618, Val Loss: 0.7532, Recon: 0.6867, KL: 0.0751
